[ 2018-04-26T00:05:14+08:00 ] ::1 /
INFO: [ app_init ] --START--
INFO: Run Behavior\BuildLiteBehavior [ RunTime:0.000000s ]
INFO: [ app_init ] --END-- [ RunTime:0.001000s ]
INFO: [ app_begin ] --START--
INFO: Run Behavior\ReadHtmlCacheBehavior [ RunTime:0.001000s ]
INFO: [ app_begin ] --END-- [ RunTime:0.001000s ]
NOTIC: [2048] Declaration of Common\Model\BasicModel::save() should be compatible with Think\Model::save($data = '', $options = Array) H:\eeluo\Application\Common\Model\BasicModel.class.php 第 9 行.
NOTIC: [2048] Declaration of Common\Model\BasicModel::select() should be compatible with Think\Model::select($options = Array) H:\eeluo\Application\Common\Model\BasicModel.class.php 第 9 行.
NOTIC: [2048] Declaration of Common\Model\PositionContentModel::find() should be compatible with Think\Model::find($options = Array) H:\eeluo\Application\Common\Model\PositionContentModel.class.php 第 65 行.
SQL: SHOW COLUMNS FROM `eeluo_position_content` [ RunTime:0.0020s ]
NOTIC: [8] Undefined index: title H:\eeluo\Application\Common\Model\PositionContentModel.class.php 第 17 行.
SQL: SELECT * FROM `eeluo_position_content` WHERE `status` = 1 AND `position_id` = 1 ORDER BY position_id asc,listorder desc   [ RunTime:0.0010s ]
NOTIC: [8] Undefined index: title H:\eeluo\Application\Common\Model\PositionContentModel.class.php 第 17 行.
SQL: SELECT * FROM `eeluo_position_content` WHERE `status` = 1 AND `position_id` = 2 ORDER BY position_id asc,listorder desc   [ RunTime:0.0000s ]
NOTIC: [8] Undefined index: title H:\eeluo\Application\Common\Model\PositionContentModel.class.php 第 17 行.
SQL: SELECT * FROM `eeluo_position_content` WHERE `status` = 1 AND `position_id` = 3 ORDER BY position_id asc,listorder desc   [ RunTime:0.0010s ]
INFO: [ view_parse ] --START--
INFO: [ template_filter ] --START--
INFO: Run Behavior\ContentReplaceBehavior [ RunTime:0.001000s ]
INFO: [ template_filter ] --END-- [ RunTime:0.001000s ]
INFO: Run Behavior\ParseTemplateBehavior [ RunTime:0.020001s ]
INFO: [ view_parse ] --END-- [ RunTime:0.020001s ]
INFO: [ view_filter ] --START--
INFO: Run Behavior\WriteHtmlCacheBehavior [ RunTime:0.001000s ]
INFO: [ view_filter ] --END-- [ RunTime:0.001000s ]
INFO: [ app_end ] --START--
INFO: Run Behavior\ShowPageTraceBehavior [ RunTime:0.003000s ]
INFO: [ app_end ] --END-- [ RunTime:0.003000s ]

[ 2018-04-26T00:10:21+08:00 ] ::1 /
INFO: [ app_init ] --START--
INFO: Run Behavior\BuildLiteBehavior [ RunTime:0.000000s ]
INFO: [ app_init ] --END-- [ RunTime:0.001000s ]
INFO: [ app_begin ] --START--
INFO: Run Behavior\ReadHtmlCacheBehavior [ RunTime:0.001000s ]
INFO: [ app_begin ] --END-- [ RunTime:0.001000s ]
NOTIC: [2048] Declaration of Common\Model\BasicModel::save() should be compatible with Think\Model::save($data = '', $options = Array) H:\eeluo\Application\Common\Model\BasicModel.class.php 第 9 行.
NOTIC: [2048] Declaration of Common\Model\BasicModel::select() should be compatible with Think\Model::select($options = Array) H:\eeluo\Application\Common\Model\BasicModel.class.php 第 9 行.
NOTIC: [2048] Declaration of Common\Model\PositionContentModel::find() should be compatible with Think\Model::find($options = Array) H:\eeluo\Application\Common\Model\PositionContentModel.class.php 第 65 行.
SQL: SHOW COLUMNS FROM `eeluo_position_content` [ RunTime:0.0010s ]
NOTIC: [8] Undefined index: title H:\eeluo\Application\Common\Model\PositionContentModel.class.php 第 17 行.
SQL: SELECT * FROM `eeluo_position_content` WHERE `status` = 1 AND `position_id` = 1 ORDER BY position_id asc,listorder desc   [ RunTime:0.0010s ]
NOTIC: [8] Undefined index: title H:\eeluo\Application\Common\Model\PositionContentModel.class.php 第 17 行.
SQL: SELECT * FROM `eeluo_position_content` WHERE `status` = 1 AND `position_id` = 2 ORDER BY position_id asc,listorder desc   [ RunTime:0.0010s ]
NOTIC: [8] Undefined index: title H:\eeluo\Application\Common\Model\PositionContentModel.class.php 第 17 行.
SQL: SELECT * FROM `eeluo_position_content` WHERE `status` = 1 AND `position_id` = 3 ORDER BY position_id asc,listorder desc   [ RunTime:0.0010s ]
INFO: [ view_parse ] --START--
INFO: [ template_filter ] --START--
INFO: Run Behavior\ContentReplaceBehavior [ RunTime:0.000000s ]
INFO: [ template_filter ] --END-- [ RunTime:0.001001s ]
INFO: Run Behavior\ParseTemplateBehavior [ RunTime:0.026002s ]
INFO: [ view_parse ] --END-- [ RunTime:0.026002s ]
INFO: [ view_filter ] --START--
INFO: Run Behavior\WriteHtmlCacheBehavior [ RunTime:0.001000s ]
INFO: [ view_filter ] --END-- [ RunTime:0.001000s ]
INFO: [ app_end ] --START--
INFO: Run Behavior\ShowPageTraceBehavior [ RunTime:0.002000s ]
INFO: [ app_end ] --END-- [ RunTime:0.003000s ]

[ 2018-04-26T00:11:07+08:00 ] ::1 /
INFO: [ app_init ] --START--
INFO: Run Behavior\BuildLiteBehavior [ RunTime:0.000000s ]
INFO: [ app_init ] --END-- [ RunTime:0.001000s ]
INFO: [ app_begin ] --START--
INFO: Run Behavior\ReadHtmlCacheBehavior [ RunTime:0.001000s ]
INFO: [ app_begin ] --END-- [ RunTime:0.002000s ]
NOTIC: [2048] Declaration of Common\Model\BasicModel::save() should be compatible with Think\Model::save($data = '', $options = Array) H:\eeluo\Application\Common\Model\BasicModel.class.php 第 9 行.
NOTIC: [2048] Declaration of Common\Model\BasicModel::select() should be compatible with Think\Model::select($options = Array) H:\eeluo\Application\Common\Model\BasicModel.class.php 第 9 行.
NOTIC: [2048] Declaration of Common\Model\PositionContentModel::find() should be compatible with Think\Model::find($options = Array) H:\eeluo\Application\Common\Model\PositionContentModel.class.php 第 65 行.
SQL: SHOW COLUMNS FROM `eeluo_position_content` [ RunTime:0.0010s ]
NOTIC: [8] Undefined index: title H:\eeluo\Application\Common\Model\PositionContentModel.class.php 第 17 行.
SQL: SELECT * FROM `eeluo_position_content` WHERE `status` = 1 AND `position_id` = 1 ORDER BY position_id asc,listorder desc   [ RunTime:0.0000s ]
NOTIC: [8] Undefined index: title H:\eeluo\Application\Common\Model\PositionContentModel.class.php 第 17 行.
SQL: SELECT * FROM `eeluo_position_content` WHERE `status` = 1 AND `position_id` = 2 ORDER BY position_id asc,listorder desc   [ RunTime:0.0000s ]
NOTIC: [8] Undefined index: title H:\eeluo\Application\Common\Model\PositionContentModel.class.php 第 17 行.
SQL: SELECT * FROM `eeluo_position_content` WHERE `status` = 1 AND `position_id` = 3 ORDER BY position_id asc,listorder desc   [ RunTime:0.0010s ]
INFO: [ view_parse ] --START--
INFO: [ template_filter ] --START--
INFO: Run Behavior\ContentReplaceBehavior [ RunTime:0.000000s ]
INFO: [ template_filter ] --END-- [ RunTime:0.000000s ]
INFO: Run Behavior\ParseTemplateBehavior [ RunTime:0.023002s ]
INFO: [ view_parse ] --END-- [ RunTime:0.023002s ]
INFO: [ view_filter ] --START--
INFO: Run Behavior\WriteHtmlCacheBehavior [ RunTime:0.001000s ]
INFO: [ view_filter ] --END-- [ RunTime:0.001000s ]
INFO: [ app_end ] --START--
INFO: Run Behavior\ShowPageTraceBehavior [ RunTime:0.002000s ]
INFO: [ app_end ] --END-- [ RunTime:0.003000s ]

[ 2018-04-26T00:11:25+08:00 ] ::1 /
INFO: [ app_init ] --START--
INFO: Run Behavior\BuildLiteBehavior [ RunTime:0.000000s ]
INFO: [ app_init ] --END-- [ RunTime:0.001000s ]
INFO: [ app_begin ] --START--
INFO: Run Behavior\ReadHtmlCacheBehavior [ RunTime:0.001000s ]
INFO: [ app_begin ] --END-- [ RunTime:0.002000s ]
NOTIC: [2048] Declaration of Common\Model\BasicModel::save() should be compatible with Think\Model::save($data = '', $options = Array) H:\eeluo\Application\Common\Model\BasicModel.class.php 第 9 行.
NOTIC: [2048] Declaration of Common\Model\BasicModel::select() should be compatible with Think\Model::select($options = Array) H:\eeluo\Application\Common\Model\BasicModel.class.php 第 9 行.
NOTIC: [2048] Declaration of Common\Model\PositionContentModel::find() should be compatible with Think\Model::find($options = Array) H:\eeluo\Application\Common\Model\PositionContentModel.class.php 第 65 行.
SQL: SHOW COLUMNS FROM `eeluo_position_content` [ RunTime:0.0010s ]
NOTIC: [8] Undefined index: title H:\eeluo\Application\Common\Model\PositionContentModel.class.php 第 17 行.
SQL: SELECT * FROM `eeluo_position_content` WHERE `status` = 1 AND `position_id` = 1 ORDER BY position_id asc,listorder desc   [ RunTime:0.0010s ]
NOTIC: [8] Undefined index: title H:\eeluo\Application\Common\Model\PositionContentModel.class.php 第 17 行.
SQL: SELECT * FROM `eeluo_position_content` WHERE `status` = 1 AND `position_id` = 2 ORDER BY position_id asc,listorder desc   [ RunTime:0.0010s ]
NOTIC: [8] Undefined index: title H:\eeluo\Application\Common\Model\PositionContentModel.class.php 第 17 行.
SQL: SELECT * FROM `eeluo_position_content` WHERE `status` = 1 AND `position_id` = 3 ORDER BY position_id asc,listorder desc   [ RunTime:0.0000s ]
INFO: [ view_parse ] --START--
INFO: [ template_filter ] --START--
INFO: Run Behavior\ContentReplaceBehavior [ RunTime:0.001000s ]
INFO: [ template_filter ] --END-- [ RunTime:0.001000s ]
INFO: Run Behavior\ParseTemplateBehavior [ RunTime:0.021001s ]
INFO: [ view_parse ] --END-- [ RunTime:0.021001s ]
INFO: [ view_filter ] --START--
INFO: Run Behavior\WriteHtmlCacheBehavior [ RunTime:0.001000s ]
INFO: [ view_filter ] --END-- [ RunTime:0.001000s ]
INFO: [ app_end ] --START--
INFO: Run Behavior\ShowPageTraceBehavior [ RunTime:0.004001s ]
INFO: [ app_end ] --END-- [ RunTime:0.004001s ]

[ 2018-04-26T00:13:31+08:00 ] ::1 /
INFO: [ app_init ] --START--
INFO: Run Behavior\BuildLiteBehavior [ RunTime:0.000000s ]
INFO: [ app_init ] --END-- [ RunTime:0.001000s ]
INFO: [ app_begin ] --START--
INFO: Run Behavior\ReadHtmlCacheBehavior [ RunTime:0.002000s ]
INFO: [ app_begin ] --END-- [ RunTime:0.002000s ]
NOTIC: [2048] Declaration of Common\Model\BasicModel::save() should be compatible with Think\Model::save($data = '', $options = Array) H:\eeluo\Application\Common\Model\BasicModel.class.php 第 9 行.
NOTIC: [2048] Declaration of Common\Model\BasicModel::select() should be compatible with Think\Model::select($options = Array) H:\eeluo\Application\Common\Model\BasicModel.class.php 第 9 行.
NOTIC: [2048] Declaration of Common\Model\PositionContentModel::find() should be compatible with Think\Model::find($options = Array) H:\eeluo\Application\Common\Model\PositionContentModel.class.php 第 65 行.
SQL: SHOW COLUMNS FROM `eeluo_position_content` [ RunTime:0.0010s ]
NOTIC: [8] Undefined index: title H:\eeluo\Application\Common\Model\PositionContentModel.class.php 第 17 行.
SQL: SELECT * FROM `eeluo_position_content` WHERE `status` = 1 AND `position_id` = 1 ORDER BY position_id asc,listorder desc   [ RunTime:0.0010s ]
NOTIC: [8] Undefined index: title H:\eeluo\Application\Common\Model\PositionContentModel.class.php 第 17 行.
SQL: SELECT * FROM `eeluo_position_content` WHERE `status` = 1 AND `position_id` = 2 ORDER BY position_id asc,listorder desc   [ RunTime:0.0000s ]
NOTIC: [8] Undefined index: title H:\eeluo\Application\Common\Model\PositionContentModel.class.php 第 17 行.
SQL: SELECT * FROM `eeluo_position_content` WHERE `status` = 1 AND `position_id` = 3 ORDER BY position_id asc,listorder desc   [ RunTime:0.0010s ]
INFO: [ view_parse ] --START--
INFO: [ template_filter ] --START--
INFO: Run Behavior\ContentReplaceBehavior [ RunTime:0.000000s ]
INFO: [ template_filter ] --END-- [ RunTime:0.000000s ]
INFO: Run Behavior\ParseTemplateBehavior [ RunTime:0.020001s ]
INFO: [ view_parse ] --END-- [ RunTime:0.021001s ]
INFO: [ view_filter ] --START--
INFO: Run Behavior\WriteHtmlCacheBehavior [ RunTime:0.001000s ]
INFO: [ view_filter ] --END-- [ RunTime:0.001000s ]
INFO: [ app_end ] --START--
INFO: Run Behavior\ShowPageTraceBehavior [ RunTime:0.004000s ]
INFO: [ app_end ] --END-- [ RunTime:0.004000s ]

[ 2018-04-26T00:14:26+08:00 ] ::1 /
INFO: [ app_init ] --START--
INFO: Run Behavior\BuildLiteBehavior [ RunTime:0.000000s ]
INFO: [ app_init ] --END-- [ RunTime:0.001000s ]
INFO: [ app_begin ] --START--
INFO: Run Behavior\ReadHtmlCacheBehavior [ RunTime:0.001000s ]
INFO: [ app_begin ] --END-- [ RunTime:0.002000s ]
NOTIC: [2048] Declaration of Common\Model\BasicModel::save() should be compatible with Think\Model::save($data = '', $options = Array) H:\eeluo\Application\Common\Model\BasicModel.class.php 第 9 行.
NOTIC: [2048] Declaration of Common\Model\BasicModel::select() should be compatible with Think\Model::select($options = Array) H:\eeluo\Application\Common\Model\BasicModel.class.php 第 9 行.
NOTIC: [2048] Declaration of Common\Model\PositionContentModel::find() should be compatible with Think\Model::find($options = Array) H:\eeluo\Application\Common\Model\PositionContentModel.class.php 第 65 行.
SQL: SHOW COLUMNS FROM `eeluo_position_content` [ RunTime:0.0010s ]
NOTIC: [8] Undefined index: title H:\eeluo\Application\Common\Model\PositionContentModel.class.php 第 17 行.
SQL: SELECT * FROM `eeluo_position_content` WHERE `status` = 1 AND `position_id` = 1 ORDER BY position_id asc,listorder desc   [ RunTime:0.0020s ]
NOTIC: [8] Undefined index: title H:\eeluo\Application\Common\Model\PositionContentModel.class.php 第 17 行.
SQL: SELECT * FROM `eeluo_position_content` WHERE `status` = 1 AND `position_id` = 2 ORDER BY position_id asc,listorder desc   [ RunTime:0.0010s ]
NOTIC: [8] Undefined index: title H:\eeluo\Application\Common\Model\PositionContentModel.class.php 第 17 行.
SQL: SELECT * FROM `eeluo_position_content` WHERE `status` = 1 AND `position_id` = 3 ORDER BY position_id asc,listorder desc   [ RunTime:0.0000s ]
INFO: [ view_parse ] --START--
INFO: [ template_filter ] --START--
INFO: Run Behavior\ContentReplaceBehavior [ RunTime:0.001000s ]
INFO: [ template_filter ] --END-- [ RunTime:0.001000s ]
INFO: Run Behavior\ParseTemplateBehavior [ RunTime:0.021002s ]
INFO: [ view_parse ] --END-- [ RunTime:0.021002s ]
INFO: [ view_filter ] --START--
INFO: Run Behavior\WriteHtmlCacheBehavior [ RunTime:0.000000s ]
INFO: [ view_filter ] --END-- [ RunTime:0.001000s ]
INFO: [ app_end ] --START--
INFO: Run Behavior\ShowPageTraceBehavior [ RunTime:0.004000s ]
INFO: [ app_end ] --END-- [ RunTime:0.004000s ]

[ 2018-04-26T00:20:09+08:00 ] ::1 /
INFO: [ app_init ] --START--
INFO: Run Behavior\BuildLiteBehavior [ RunTime:0.000000s ]
INFO: [ app_init ] --END-- [ RunTime:0.001001s ]
INFO: [ app_begin ] --START--
INFO: Run Behavior\ReadHtmlCacheBehavior [ RunTime:0.001000s ]
INFO: [ app_begin ] --END-- [ RunTime:0.002000s ]
NOTIC: [2048] Declaration of Common\Model\BasicModel::save() should be compatible with Think\Model::save($data = '', $options = Array) H:\eeluo\Application\Common\Model\BasicModel.class.php 第 9 行.
NOTIC: [2048] Declaration of Common\Model\BasicModel::select() should be compatible with Think\Model::select($options = Array) H:\eeluo\Application\Common\Model\BasicModel.class.php 第 9 行.
NOTIC: [2048] Declaration of Common\Model\PositionContentModel::find() should be compatible with Think\Model::find($options = Array) H:\eeluo\Application\Common\Model\PositionContentModel.class.php 第 65 行.
SQL: SHOW COLUMNS FROM `eeluo_position_content` [ RunTime:0.0010s ]
NOTIC: [8] Undefined index: title H:\eeluo\Application\Common\Model\PositionContentModel.class.php 第 17 行.
SQL: SELECT * FROM `eeluo_position_content` WHERE `status` = 1 AND `position_id` = 1 ORDER BY position_id asc,listorder desc   [ RunTime:0.0010s ]
NOTIC: [8] Undefined index: title H:\eeluo\Application\Common\Model\PositionContentModel.class.php 第 17 行.
SQL: SELECT * FROM `eeluo_position_content` WHERE `status` = 1 AND `position_id` = 2 ORDER BY position_id asc,listorder desc   [ RunTime:0.0000s ]
NOTIC: [8] Undefined index: title H:\eeluo\Application\Common\Model\PositionContentModel.class.php 第 17 行.
SQL: SELECT * FROM `eeluo_position_content` WHERE `status` = 1 AND `position_id` = 3 ORDER BY position_id asc,listorder desc   [ RunTime:0.0010s ]
INFO: [ view_parse ] --START--
INFO: [ template_filter ] --START--
INFO: Run Behavior\ContentReplaceBehavior [ RunTime:0.000000s ]
INFO: [ template_filter ] --END-- [ RunTime:0.001000s ]
INFO: Run Behavior\ParseTemplateBehavior [ RunTime:0.021002s ]
INFO: [ view_parse ] --END-- [ RunTime:0.021002s ]
INFO: [ view_filter ] --START--
INFO: Run Behavior\WriteHtmlCacheBehavior [ RunTime:0.001000s ]
INFO: [ view_filter ] --END-- [ RunTime:0.001000s ]
INFO: [ app_end ] --START--
INFO: Run Behavior\ShowPageTraceBehavior [ RunTime:0.003000s ]
INFO: [ app_end ] --END-- [ RunTime:0.003000s ]

[ 2018-04-26T00:21:38+08:00 ] ::1 /
INFO: [ app_init ] --START--
INFO: Run Behavior\BuildLiteBehavior [ RunTime:0.000000s ]
INFO: [ app_init ] --END-- [ RunTime:0.000000s ]
INFO: [ app_begin ] --START--
INFO: Run Behavior\ReadHtmlCacheBehavior [ RunTime:0.001000s ]
INFO: [ app_begin ] --END-- [ RunTime:0.001000s ]
NOTIC: [2048] Declaration of Common\Model\BasicModel::save() should be compatible with Think\Model::save($data = '', $options = Array) H:\eeluo\Application\Common\Model\BasicModel.class.php 第 9 行.
NOTIC: [2048] Declaration of Common\Model\BasicModel::select() should be compatible with Think\Model::select($options = Array) H:\eeluo\Application\Common\Model\BasicModel.class.php 第 9 行.
NOTIC: [2048] Declaration of Common\Model\PositionContentModel::find() should be compatible with Think\Model::find($options = Array) H:\eeluo\Application\Common\Model\PositionContentModel.class.php 第 65 行.
SQL: SHOW COLUMNS FROM `eeluo_position_content` [ RunTime:0.0010s ]
NOTIC: [8] Undefined index: title H:\eeluo\Application\Common\Model\PositionContentModel.class.php 第 17 行.
SQL: SELECT * FROM `eeluo_position_content` WHERE `status` = 1 AND `position_id` = 1 ORDER BY position_id asc,listorder desc   [ RunTime:0.0010s ]
NOTIC: [8] Undefined index: title H:\eeluo\Application\Common\Model\PositionContentModel.class.php 第 17 行.
SQL: SELECT * FROM `eeluo_position_content` WHERE `status` = 1 AND `position_id` = 2 ORDER BY position_id asc,listorder desc   [ RunTime:0.0010s ]
NOTIC: [8] Undefined index: title H:\eeluo\Application\Common\Model\PositionContentModel.class.php 第 17 行.
SQL: SELECT * FROM `eeluo_position_content` WHERE `status` = 1 AND `position_id` = 3 ORDER BY position_id asc,listorder desc   [ RunTime:0.0010s ]
INFO: [ view_parse ] --START--
INFO: [ template_filter ] --START--
INFO: Run Behavior\ContentReplaceBehavior [ RunTime:0.000000s ]
INFO: [ template_filter ] --END-- [ RunTime:0.001000s ]
INFO: Run Behavior\ParseTemplateBehavior [ RunTime:0.031002s ]
INFO: [ view_parse ] --END-- [ RunTime:0.031002s ]
INFO: [ view_filter ] --START--
INFO: Run Behavior\WriteHtmlCacheBehavior [ RunTime:0.001000s ]
INFO: [ view_filter ] --END-- [ RunTime:0.001000s ]
INFO: [ app_end ] --START--
INFO: Run Behavior\ShowPageTraceBehavior [ RunTime:0.005000s ]
INFO: [ app_end ] --END-- [ RunTime:0.005000s ]

[ 2018-04-26T00:21:50+08:00 ] ::1 /
INFO: [ app_init ] --START--
INFO: Run Behavior\BuildLiteBehavior [ RunTime:0.000000s ]
INFO: [ app_init ] --END-- [ RunTime:0.001000s ]
INFO: [ app_begin ] --START--
INFO: Run Behavior\ReadHtmlCacheBehavior [ RunTime:0.001000s ]
INFO: [ app_begin ] --END-- [ RunTime:0.001000s ]
NOTIC: [2048] Declaration of Common\Model\BasicModel::save() should be compatible with Think\Model::save($data = '', $options = Array) H:\eeluo\Application\Common\Model\BasicModel.class.php 第 9 行.
NOTIC: [2048] Declaration of Common\Model\BasicModel::select() should be compatible with Think\Model::select($options = Array) H:\eeluo\Application\Common\Model\BasicModel.class.php 第 9 行.
NOTIC: [2048] Declaration of Common\Model\PositionContentModel::find() should be compatible with Think\Model::find($options = Array) H:\eeluo\Application\Common\Model\PositionContentModel.class.php 第 65 行.
SQL: SHOW COLUMNS FROM `eeluo_position_content` [ RunTime:0.0010s ]
NOTIC: [8] Undefined index: title H:\eeluo\Application\Common\Model\PositionContentModel.class.php 第 17 行.
SQL: SELECT * FROM `eeluo_position_content` WHERE `status` = 1 AND `position_id` = 1 ORDER BY position_id asc,listorder desc   [ RunTime:0.0010s ]
NOTIC: [8] Undefined index: title H:\eeluo\Application\Common\Model\PositionContentModel.class.php 第 17 行.
SQL: SELECT * FROM `eeluo_position_content` WHERE `status` = 1 AND `position_id` = 2 ORDER BY position_id asc,listorder desc   [ RunTime:0.0010s ]
NOTIC: [8] Undefined index: title H:\eeluo\Application\Common\Model\PositionContentModel.class.php 第 17 行.
SQL: SELECT * FROM `eeluo_position_content` WHERE `status` = 1 AND `position_id` = 3 ORDER BY position_id asc,listorder desc   [ RunTime:0.0010s ]
INFO: [ view_parse ] --START--
INFO: [ template_filter ] --START--
INFO: Run Behavior\ContentReplaceBehavior [ RunTime:0.001000s ]
INFO: [ template_filter ] --END-- [ RunTime:0.001000s ]
INFO: Run Behavior\ParseTemplateBehavior [ RunTime:0.023001s ]
INFO: [ view_parse ] --END-- [ RunTime:0.024001s ]
INFO: [ view_filter ] --START--
INFO: Run Behavior\WriteHtmlCacheBehavior [ RunTime:0.001000s ]
INFO: [ view_filter ] --END-- [ RunTime:0.001000s ]
INFO: [ app_end ] --START--
INFO: Run Behavior\ShowPageTraceBehavior [ RunTime:0.003000s ]
INFO: [ app_end ] --END-- [ RunTime:0.003000s ]

[ 2018-04-26T00:21:55+08:00 ] ::1 /
INFO: [ app_init ] --START--
INFO: Run Behavior\BuildLiteBehavior [ RunTime:0.000000s ]
INFO: [ app_init ] --END-- [ RunTime:0.001000s ]
INFO: [ app_begin ] --START--
INFO: Run Behavior\ReadHtmlCacheBehavior [ RunTime:0.001000s ]
INFO: [ app_begin ] --END-- [ RunTime:0.001000s ]
NOTIC: [2048] Declaration of Common\Model\BasicModel::save() should be compatible with Think\Model::save($data = '', $options = Array) H:\eeluo\Application\Common\Model\BasicModel.class.php 第 9 行.
NOTIC: [2048] Declaration of Common\Model\BasicModel::select() should be compatible with Think\Model::select($options = Array) H:\eeluo\Application\Common\Model\BasicModel.class.php 第 9 行.
NOTIC: [2048] Declaration of Common\Model\PositionContentModel::find() should be compatible with Think\Model::find($options = Array) H:\eeluo\Application\Common\Model\PositionContentModel.class.php 第 65 行.
SQL: SHOW COLUMNS FROM `eeluo_position_content` [ RunTime:0.0010s ]
NOTIC: [8] Undefined index: title H:\eeluo\Application\Common\Model\PositionContentModel.class.php 第 17 行.
SQL: SELECT * FROM `eeluo_position_content` WHERE `status` = 1 AND `position_id` = 1 ORDER BY position_id asc,listorder desc   [ RunTime:0.0010s ]
NOTIC: [8] Undefined index: title H:\eeluo\Application\Common\Model\PositionContentModel.class.php 第 17 行.
SQL: SELECT * FROM `eeluo_position_content` WHERE `status` = 1 AND `position_id` = 2 ORDER BY position_id asc,listorder desc   [ RunTime:0.0010s ]
NOTIC: [8] Undefined index: title H:\eeluo\Application\Common\Model\PositionContentModel.class.php 第 17 行.
SQL: SELECT * FROM `eeluo_position_content` WHERE `status` = 1 AND `position_id` = 3 ORDER BY position_id asc,listorder desc   [ RunTime:0.0010s ]
INFO: [ view_parse ] --START--
INFO: [ template_filter ] --START--
INFO: Run Behavior\ContentReplaceBehavior [ RunTime:0.000000s ]
INFO: [ template_filter ] --END-- [ RunTime:0.001000s ]
INFO: Run Behavior\ParseTemplateBehavior [ RunTime:0.023001s ]
INFO: [ view_parse ] --END-- [ RunTime:0.024002s ]
INFO: [ view_filter ] --START--
INFO: Run Behavior\WriteHtmlCacheBehavior [ RunTime:0.001000s ]
INFO: [ view_filter ] --END-- [ RunTime:0.002000s ]
INFO: [ app_end ] --START--
INFO: Run Behavior\ShowPageTraceBehavior [ RunTime:0.001000s ]
INFO: [ app_end ] --END-- [ RunTime:0.001000s ]

[ 2018-04-26T00:22:39+08:00 ] ::1 /
INFO: [ app_init ] --START--
INFO: Run Behavior\BuildLiteBehavior [ RunTime:0.000000s ]
INFO: [ app_init ] --END-- [ RunTime:0.003000s ]
INFO: [ app_begin ] --START--
INFO: Run Behavior\ReadHtmlCacheBehavior [ RunTime:0.002000s ]
INFO: [ app_begin ] --END-- [ RunTime:0.002000s ]
NOTIC: [2048] Declaration of Common\Model\BasicModel::save() should be compatible with Think\Model::save($data = '', $options = Array) H:\eeluo\Application\Common\Model\BasicModel.class.php 第 9 行.
NOTIC: [2048] Declaration of Common\Model\BasicModel::select() should be compatible with Think\Model::select($options = Array) H:\eeluo\Application\Common\Model\BasicModel.class.php 第 9 行.
NOTIC: [2048] Declaration of Common\Model\PositionContentModel::find() should be compatible with Think\Model::find($options = Array) H:\eeluo\Application\Common\Model\PositionContentModel.class.php 第 65 行.
SQL: SHOW COLUMNS FROM `eeluo_position_content` [ RunTime:0.0020s ]
NOTIC: [8] Undefined index: title H:\eeluo\Application\Common\Model\PositionContentModel.class.php 第 17 行.
SQL: SELECT * FROM `eeluo_position_content` WHERE `status` = 1 AND `position_id` = 1 ORDER BY position_id asc,listorder desc   [ RunTime:0.0010s ]
NOTIC: [8] Undefined index: title H:\eeluo\Application\Common\Model\PositionContentModel.class.php 第 17 行.
SQL: SELECT * FROM `eeluo_position_content` WHERE `status` = 1 AND `position_id` = 2 ORDER BY position_id asc,listorder desc   [ RunTime:0.0000s ]
NOTIC: [8] Undefined index: title H:\eeluo\Application\Common\Model\PositionContentModel.class.php 第 17 行.
SQL: SELECT * FROM `eeluo_position_content` WHERE `status` = 1 AND `position_id` = 3 ORDER BY position_id asc,listorder desc   [ RunTime:0.0010s ]
INFO: [ view_parse ] --START--
INFO: [ template_filter ] --START--
INFO: Run Behavior\ContentReplaceBehavior [ RunTime:0.000000s ]
INFO: [ template_filter ] --END-- [ RunTime:0.000000s ]
INFO: Run Behavior\ParseTemplateBehavior [ RunTime:0.023002s ]
INFO: [ view_parse ] --END-- [ RunTime:0.023002s ]
INFO: [ view_filter ] --START--
INFO: Run Behavior\WriteHtmlCacheBehavior [ RunTime:0.001000s ]
INFO: [ view_filter ] --END-- [ RunTime:0.002000s ]
INFO: [ app_end ] --START--
INFO: Run Behavior\ShowPageTraceBehavior [ RunTime:0.003000s ]
INFO: [ app_end ] --END-- [ RunTime:0.003000s ]

[ 2018-04-26T00:22:49+08:00 ] ::1 /
INFO: [ app_init ] --START--
INFO: Run Behavior\BuildLiteBehavior [ RunTime:0.001000s ]
INFO: [ app_init ] --END-- [ RunTime:0.001000s ]
INFO: [ app_begin ] --START--
INFO: Run Behavior\ReadHtmlCacheBehavior [ RunTime:0.001000s ]
INFO: [ app_begin ] --END-- [ RunTime:0.001000s ]
NOTIC: [2048] Declaration of Common\Model\BasicModel::save() should be compatible with Think\Model::save($data = '', $options = Array) H:\eeluo\Application\Common\Model\BasicModel.class.php 第 9 行.
NOTIC: [2048] Declaration of Common\Model\BasicModel::select() should be compatible with Think\Model::select($options = Array) H:\eeluo\Application\Common\Model\BasicModel.class.php 第 9 行.
NOTIC: [2048] Declaration of Common\Model\PositionContentModel::find() should be compatible with Think\Model::find($options = Array) H:\eeluo\Application\Common\Model\PositionContentModel.class.php 第 65 行.
SQL: SHOW COLUMNS FROM `eeluo_position_content` [ RunTime:0.0010s ]
NOTIC: [8] Undefined index: title H:\eeluo\Application\Common\Model\PositionContentModel.class.php 第 17 行.
SQL: SELECT * FROM `eeluo_position_content` WHERE `status` = 1 AND `position_id` = 1 ORDER BY position_id asc,listorder desc   [ RunTime:0.0010s ]
NOTIC: [8] Undefined index: title H:\eeluo\Application\Common\Model\PositionContentModel.class.php 第 17 行.
SQL: SELECT * FROM `eeluo_position_content` WHERE `status` = 1 AND `position_id` = 2 ORDER BY position_id asc,listorder desc   [ RunTime:0.0010s ]
NOTIC: [8] Undefined index: title H:\eeluo\Application\Common\Model\PositionContentModel.class.php 第 17 行.
SQL: SELECT * FROM `eeluo_position_content` WHERE `status` = 1 AND `position_id` = 3 ORDER BY position_id asc,listorder desc   [ RunTime:0.0010s ]
INFO: [ view_parse ] --START--
INFO: [ template_filter ] --START--
INFO: Run Behavior\ContentReplaceBehavior [ RunTime:0.001000s ]
INFO: [ template_filter ] --END-- [ RunTime:0.001000s ]
INFO: Run Behavior\ParseTemplateBehavior [ RunTime:0.026002s ]
INFO: [ view_parse ] --END-- [ RunTime:0.026002s ]
INFO: [ view_filter ] --START--
INFO: Run Behavior\WriteHtmlCacheBehavior [ RunTime:0.001000s ]
INFO: [ view_filter ] --END-- [ RunTime:0.001000s ]
INFO: [ app_end ] --START--
INFO: Run Behavior\ShowPageTraceBehavior [ RunTime:0.003000s ]
INFO: [ app_end ] --END-- [ RunTime:0.003000s ]

[ 2018-04-26T00:26:08+08:00 ] ::1 /
INFO: [ app_init ] --START--
INFO: Run Behavior\BuildLiteBehavior [ RunTime:0.000000s ]
INFO: [ app_init ] --END-- [ RunTime:0.001000s ]
INFO: [ app_begin ] --START--
INFO: Run Behavior\ReadHtmlCacheBehavior [ RunTime:0.003000s ]
INFO: [ app_begin ] --END-- [ RunTime:0.003000s ]
NOTIC: [2048] Declaration of Common\Model\BasicModel::save() should be compatible with Think\Model::save($data = '', $options = Array) H:\eeluo\Application\Common\Model\BasicModel.class.php 第 9 行.
NOTIC: [2048] Declaration of Common\Model\BasicModel::select() should be compatible with Think\Model::select($options = Array) H:\eeluo\Application\Common\Model\BasicModel.class.php 第 9 行.
NOTIC: [2048] Declaration of Common\Model\PositionContentModel::find() should be compatible with Think\Model::find($options = Array) H:\eeluo\Application\Common\Model\PositionContentModel.class.php 第 65 行.
SQL: SHOW COLUMNS FROM `eeluo_position_content` [ RunTime:0.0010s ]
NOTIC: [8] Undefined index: title H:\eeluo\Application\Common\Model\PositionContentModel.class.php 第 17 行.
SQL: SELECT * FROM `eeluo_position_content` WHERE `status` = 1 AND `position_id` = 1 ORDER BY position_id asc,listorder desc   [ RunTime:0.0010s ]
NOTIC: [8] Undefined index: title H:\eeluo\Application\Common\Model\PositionContentModel.class.php 第 17 行.
SQL: SELECT * FROM `eeluo_position_content` WHERE `status` = 1 AND `position_id` = 2 ORDER BY position_id asc,listorder desc   [ RunTime:0.0010s ]
NOTIC: [8] Undefined index: title H:\eeluo\Application\Common\Model\PositionContentModel.class.php 第 17 行.
SQL: SELECT * FROM `eeluo_position_content` WHERE `status` = 1 AND `position_id` = 3 ORDER BY position_id asc,listorder desc   [ RunTime:0.0010s ]
INFO: [ view_parse ] --START--
INFO: [ template_filter ] --START--
INFO: Run Behavior\ContentReplaceBehavior [ RunTime:0.000000s ]
INFO: [ template_filter ] --END-- [ RunTime:0.000000s ]
INFO: Run Behavior\ParseTemplateBehavior [ RunTime:0.027001s ]
INFO: [ view_parse ] --END-- [ RunTime:0.027001s ]
INFO: [ view_filter ] --START--
INFO: Run Behavior\WriteHtmlCacheBehavior [ RunTime:0.001000s ]
INFO: [ view_filter ] --END-- [ RunTime:0.001000s ]
INFO: [ app_end ] --START--
INFO: Run Behavior\ShowPageTraceBehavior [ RunTime:0.002001s ]
INFO: [ app_end ] --END-- [ RunTime:0.002001s ]

[ 2018-04-26T00:26:15+08:00 ] ::1 /
INFO: [ app_init ] --START--
INFO: Run Behavior\BuildLiteBehavior [ RunTime:0.000000s ]
INFO: [ app_init ] --END-- [ RunTime:0.000000s ]
INFO: [ app_begin ] --START--
INFO: Run Behavior\ReadHtmlCacheBehavior [ RunTime:0.001000s ]
INFO: [ app_begin ] --END-- [ RunTime:0.002000s ]
NOTIC: [2048] Declaration of Common\Model\BasicModel::save() should be compatible with Think\Model::save($data = '', $options = Array) H:\eeluo\Application\Common\Model\BasicModel.class.php 第 9 行.
NOTIC: [2048] Declaration of Common\Model\BasicModel::select() should be compatible with Think\Model::select($options = Array) H:\eeluo\Application\Common\Model\BasicModel.class.php 第 9 行.
NOTIC: [2048] Declaration of Common\Model\PositionContentModel::find() should be compatible with Think\Model::find($options = Array) H:\eeluo\Application\Common\Model\PositionContentModel.class.php 第 65 行.
SQL: SHOW COLUMNS FROM `eeluo_position_content` [ RunTime:0.0020s ]
NOTIC: [8] Undefined index: title H:\eeluo\Application\Common\Model\PositionContentModel.class.php 第 17 行.
SQL: SELECT * FROM `eeluo_position_content` WHERE `status` = 1 AND `position_id` = 1 ORDER BY position_id asc,listorder desc   [ RunTime:0.0120s ]
NOTIC: [8] Undefined index: title H:\eeluo\Application\Common\Model\PositionContentModel.class.php 第 17 行.
SQL: SELECT * FROM `eeluo_position_content` WHERE `status` = 1 AND `position_id` = 2 ORDER BY position_id asc,listorder desc   [ RunTime:0.0000s ]
NOTIC: [8] Undefined index: title H:\eeluo\Application\Common\Model\PositionContentModel.class.php 第 17 行.
SQL: SELECT * FROM `eeluo_position_content` WHERE `status` = 1 AND `position_id` = 3 ORDER BY position_id asc,listorder desc   [ RunTime:0.0010s ]
INFO: [ view_parse ] --START--
INFO: [ template_filter ] --START--
INFO: Run Behavior\ContentReplaceBehavior [ RunTime:0.000000s ]
INFO: [ template_filter ] --END-- [ RunTime:0.000000s ]
INFO: Run Behavior\ParseTemplateBehavior [ RunTime:0.024002s ]
INFO: [ view_parse ] --END-- [ RunTime:0.024002s ]
INFO: [ view_filter ] --START--
INFO: Run Behavior\WriteHtmlCacheBehavior [ RunTime:0.001000s ]
INFO: [ view_filter ] --END-- [ RunTime:0.002000s ]
INFO: [ app_end ] --START--
INFO: Run Behavior\ShowPageTraceBehavior [ RunTime:0.003000s ]
INFO: [ app_end ] --END-- [ RunTime:0.003000s ]

[ 2018-04-26T00:26:25+08:00 ] ::1 /
INFO: [ app_init ] --START--
INFO: Run Behavior\BuildLiteBehavior [ RunTime:0.001000s ]
INFO: [ app_init ] --END-- [ RunTime:0.001000s ]
INFO: [ app_begin ] --START--
INFO: Run Behavior\ReadHtmlCacheBehavior [ RunTime:0.004000s ]
INFO: [ app_begin ] --END-- [ RunTime:0.005000s ]
NOTIC: [2048] Declaration of Common\Model\BasicModel::save() should be compatible with Think\Model::save($data = '', $options = Array) H:\eeluo\Application\Common\Model\BasicModel.class.php 第 9 行.
NOTIC: [2048] Declaration of Common\Model\BasicModel::select() should be compatible with Think\Model::select($options = Array) H:\eeluo\Application\Common\Model\BasicModel.class.php 第 9 行.
NOTIC: [2048] Declaration of Common\Model\PositionContentModel::find() should be compatible with Think\Model::find($options = Array) H:\eeluo\Application\Common\Model\PositionContentModel.class.php 第 65 行.
SQL: SHOW COLUMNS FROM `eeluo_position_content` [ RunTime:0.0030s ]
NOTIC: [8] Undefined index: title H:\eeluo\Application\Common\Model\PositionContentModel.class.php 第 17 行.
SQL: SELECT * FROM `eeluo_position_content` WHERE `status` = 1 AND `position_id` = 1 ORDER BY position_id asc,listorder desc   [ RunTime:0.0010s ]
NOTIC: [8] Undefined index: title H:\eeluo\Application\Common\Model\PositionContentModel.class.php 第 17 行.
SQL: SELECT * FROM `eeluo_position_content` WHERE `status` = 1 AND `position_id` = 2 ORDER BY position_id asc,listorder desc   [ RunTime:0.0010s ]
NOTIC: [8] Undefined index: title H:\eeluo\Application\Common\Model\PositionContentModel.class.php 第 17 行.
SQL: SELECT * FROM `eeluo_position_content` WHERE `status` = 1 AND `position_id` = 3 ORDER BY position_id asc,listorder desc   [ RunTime:0.0010s ]
INFO: [ view_parse ] --START--
INFO: [ template_filter ] --START--
INFO: Run Behavior\ContentReplaceBehavior [ RunTime:0.000000s ]
INFO: [ template_filter ] --END-- [ RunTime:0.000000s ]
INFO: Run Behavior\ParseTemplateBehavior [ RunTime:0.023001s ]
INFO: [ view_parse ] --END-- [ RunTime:0.023001s ]
INFO: [ view_filter ] --START--
INFO: Run Behavior\WriteHtmlCacheBehavior [ RunTime:0.002000s ]
INFO: [ view_filter ] --END-- [ RunTime:0.003000s ]
INFO: [ app_end ] --START--
INFO: Run Behavior\ShowPageTraceBehavior [ RunTime:0.003001s ]
INFO: [ app_end ] --END-- [ RunTime:0.003001s ]

[ 2018-04-26T00:27:35+08:00 ] ::1 /
INFO: [ app_init ] --START--
INFO: Run Behavior\BuildLiteBehavior [ RunTime:0.000000s ]
INFO: [ app_init ] --END-- [ RunTime:0.001000s ]
INFO: [ app_begin ] --START--
INFO: Run Behavior\ReadHtmlCacheBehavior [ RunTime:0.001000s ]
INFO: [ app_begin ] --END-- [ RunTime:0.002000s ]
NOTIC: [2048] Declaration of Common\Model\BasicModel::save() should be compatible with Think\Model::save($data = '', $options = Array) H:\eeluo\Application\Common\Model\BasicModel.class.php 第 9 行.
NOTIC: [2048] Declaration of Common\Model\BasicModel::select() should be compatible with Think\Model::select($options = Array) H:\eeluo\Application\Common\Model\BasicModel.class.php 第 9 行.
NOTIC: [2048] Declaration of Common\Model\PositionContentModel::find() should be compatible with Think\Model::find($options = Array) H:\eeluo\Application\Common\Model\PositionContentModel.class.php 第 65 行.
SQL: SHOW COLUMNS FROM `eeluo_position_content` [ RunTime:0.0000s ]
NOTIC: [8] Undefined index: title H:\eeluo\Application\Common\Model\PositionContentModel.class.php 第 17 行.
SQL: SELECT * FROM `eeluo_position_content` WHERE `status` = 1 AND `position_id` = 1 ORDER BY position_id asc,listorder desc   [ RunTime:0.0010s ]
NOTIC: [8] Undefined index: title H:\eeluo\Application\Common\Model\PositionContentModel.class.php 第 17 行.
SQL: SELECT * FROM `eeluo_position_content` WHERE `status` = 1 AND `position_id` = 2 ORDER BY position_id asc,listorder desc   [ RunTime:0.0010s ]
NOTIC: [8] Undefined index: title H:\eeluo\Application\Common\Model\PositionContentModel.class.php 第 17 行.
SQL: SELECT * FROM `eeluo_position_content` WHERE `status` = 1 AND `position_id` = 3 ORDER BY position_id asc,listorder desc   [ RunTime:0.0000s ]
INFO: [ view_parse ] --START--
INFO: [ template_filter ] --START--
INFO: Run Behavior\ContentReplaceBehavior [ RunTime:0.000000s ]
INFO: [ template_filter ] --END-- [ RunTime:0.000000s ]
INFO: Run Behavior\ParseTemplateBehavior [ RunTime:0.024001s ]
INFO: [ view_parse ] --END-- [ RunTime:0.024001s ]
INFO: [ view_filter ] --START--
INFO: Run Behavior\WriteHtmlCacheBehavior [ RunTime:0.001000s ]
INFO: [ view_filter ] --END-- [ RunTime:0.001000s ]
INFO: [ app_end ] --START--
INFO: Run Behavior\ShowPageTraceBehavior [ RunTime:0.001001s ]
INFO: [ app_end ] --END-- [ RunTime:0.001001s ]

