[ 2018-04-18T00:07:13+08:00 ] ::1 /admin.php/c/login.html
ERR: 无法加载模块:C

[ 2018-04-18T00:07:16+08:00 ] ::1 /admin.php/c/login.html
ERR: 无法加载模块:C

[ 2018-04-18T00:07:17+08:00 ] ::1 /admin.php/c/login.html
ERR: 无法加载模块:C

[ 2018-04-18T00:07:20+08:00 ] ::1 /admin.php/c/login.html
ERR: 无法加载模块:C

[ 2018-04-18T00:07:50+08:00 ] ::1 /admin.php/c/login.html
INFO: [ app_init ] --START--
INFO: Run Behavior\BuildLiteBehavior [ RunTime:0.000000s ]
INFO: [ app_init ] --END-- [ RunTime:0.001000s ]
ERR: 无法加载模块:C

[ 2018-04-18T00:07:56+08:00 ] ::1 /admin.php/c/login.html
INFO: [ app_init ] --START--
INFO: Run Behavior\BuildLiteBehavior [ RunTime:0.000000s ]
INFO: [ app_init ] --END-- [ RunTime:0.001000s ]
ERR: 无法加载模块:C

[ 2018-04-18T00:08:09+08:00 ] ::1 /admin.php/c/login.html
INFO: [ app_init ] --START--
INFO: Run Behavior\BuildLiteBehavior [ RunTime:0.000000s ]
INFO: [ app_init ] --END-- [ RunTime:0.001000s ]
ERR: 无法加载模块:C

[ 2018-04-18T00:08:16+08:00 ] ::1 /admin.php/c/login.html
INFO: [ app_init ] --START--
INFO: Run Behavior\BuildLiteBehavior [ RunTime:0.000000s ]
INFO: [ app_init ] --END-- [ RunTime:0.001000s ]
ERR: 无法加载模块:C

[ 2018-04-18T00:08:25+08:00 ] ::1 /admin.php/c/login.html
INFO: [ app_init ] --START--
INFO: Run Behavior\BuildLiteBehavior [ RunTime:0.000000s ]
INFO: [ app_init ] --END-- [ RunTime:0.001000s ]
ERR: 无法加载模块:C

[ 2018-04-18T00:12:00+08:00 ] ::1 /admin.php/c/login.html
INFO: [ app_init ] --START--
INFO: Run Behavior\BuildLiteBehavior [ RunTime:0.000000s ]
INFO: [ app_init ] --END-- [ RunTime:0.001000s ]
ERR: 无法加载模块:C

[ 2018-04-18T00:12:03+08:00 ] ::1 /admin.php/c/login.html
INFO: [ app_init ] --START--
INFO: Run Behavior\BuildLiteBehavior [ RunTime:0.000000s ]
INFO: [ app_init ] --END-- [ RunTime:0.001000s ]
ERR: 无法加载模块:C

[ 2018-04-18T00:23:21+08:00 ] ::1 /admin/Analysis/index
INFO: [ app_init ] --START--
INFO: Run Behavior\BuildLiteBehavior [ RunTime:0.000000s ]
INFO: [ app_init ] --END-- [ RunTime:0.015600s ]
ERR: 无法加载模块:Analysis

[ 2018-04-18T00:23:42+08:00 ] ::1 /admin/analysis/index
INFO: [ app_init ] --START--
INFO: Run Behavior\BuildLiteBehavior [ RunTime:0.000000s ]
INFO: [ app_init ] --END-- [ RunTime:0.001000s ]
ERR: 无法加载模块:Analysis

[ 2018-04-18T00:23:45+08:00 ] ::1 /admin/analysis/index
INFO: [ app_init ] --START--
INFO: Run Behavior\BuildLiteBehavior [ RunTime:0.000000s ]
INFO: [ app_init ] --END-- [ RunTime:0.001000s ]
ERR: 无法加载模块:Analysis

[ 2018-04-18T00:23:46+08:00 ] ::1 /admin/analysis/index
INFO: [ app_init ] --START--
INFO: Run Behavior\BuildLiteBehavior [ RunTime:0.000000s ]
INFO: [ app_init ] --END-- [ RunTime:0.001000s ]
ERR: 无法加载模块:Analysis

[ 2018-04-18T00:23:46+08:00 ] ::1 /admin/analysis/index
INFO: [ app_init ] --START--
INFO: Run Behavior\BuildLiteBehavior [ RunTime:0.001000s ]
INFO: [ app_init ] --END-- [ RunTime:0.001000s ]
ERR: 无法加载模块:Analysis

[ 2018-04-18T00:23:53+08:00 ] ::1 /admin.php/analysis/index
INFO: [ app_init ] --START--
INFO: Run Behavior\BuildLiteBehavior [ RunTime:0.000000s ]
INFO: [ app_init ] --END-- [ RunTime:0.001001s ]
ERR: 无法加载模块:Analysis

