[ 2018-04-24T02:10:41+08:00 ] ::1 /admin.php
INFO: [ app_init ] --START--
INFO: Run Behavior\BuildLiteBehavior [ RunTime:0.000000s ]
INFO: [ app_init ] --END-- [ RunTime:0.002000s ]
INFO: [ app_begin ] --START--
INFO: Run Behavior\ReadHtmlCacheBehavior [ RunTime:0.001000s ]
INFO: [ app_begin ] --END-- [ RunTime:0.001000s ]

[ 2018-04-24T02:13:10+08:00 ] ::1 /admin.php
INFO: [ app_init ] --START--
INFO: Run Behavior\BuildLiteBehavior [ RunTime:0.000000s ]
INFO: [ app_init ] --END-- [ RunTime:0.001000s ]
INFO: [ app_begin ] --START--
INFO: Run Behavior\ReadHtmlCacheBehavior [ RunTime:0.006000s ]
INFO: [ app_begin ] --END-- [ RunTime:0.006000s ]

[ 2018-04-24T02:18:17+08:00 ] ::1 /admin.php
INFO: [ app_init ] --START--
INFO: Run Behavior\BuildLiteBehavior [ RunTime:0.000000s ]
INFO: [ app_init ] --END-- [ RunTime:0.001000s ]
INFO: [ app_begin ] --START--
INFO: Run Behavior\ReadHtmlCacheBehavior [ RunTime:0.001000s ]
INFO: [ app_begin ] --END-- [ RunTime:0.001000s ]
INFO: [ view_parse ] --START--
INFO: [ template_filter ] --START--
INFO: Run Behavior\ContentReplaceBehavior [ RunTime:0.000000s ]
INFO: [ template_filter ] --END-- [ RunTime:0.001000s ]
INFO: Run Behavior\ParseTemplateBehavior [ RunTime:0.012000s ]
INFO: [ view_parse ] --END-- [ RunTime:0.012000s ]
INFO: [ view_filter ] --START--
INFO: Run Behavior\WriteHtmlCacheBehavior [ RunTime:0.001000s ]
INFO: [ view_filter ] --END-- [ RunTime:0.001000s ]
INFO: [ app_end ] --START--
INFO: Run Behavior\ShowPageTraceBehavior [ RunTime:0.001000s ]
INFO: [ app_end ] --END-- [ RunTime:0.001000s ]

[ 2018-04-24T02:18:45+08:00 ] ::1 /admin.php
INFO: [ app_init ] --START--
INFO: Run Behavior\BuildLiteBehavior [ RunTime:0.000000s ]
INFO: [ app_init ] --END-- [ RunTime:0.001000s ]
INFO: [ app_begin ] --START--
INFO: Run Behavior\ReadHtmlCacheBehavior [ RunTime:0.003000s ]
INFO: [ app_begin ] --END-- [ RunTime:0.003000s ]
INFO: [ view_parse ] --START--
INFO: [ template_filter ] --START--
INFO: Run Behavior\ContentReplaceBehavior [ RunTime:0.000000s ]
INFO: [ template_filter ] --END-- [ RunTime:0.000000s ]
INFO: Run Behavior\ParseTemplateBehavior [ RunTime:0.012001s ]
INFO: [ view_parse ] --END-- [ RunTime:0.012001s ]
INFO: [ view_filter ] --START--
INFO: Run Behavior\WriteHtmlCacheBehavior [ RunTime:0.002000s ]
INFO: [ view_filter ] --END-- [ RunTime:0.002000s ]
INFO: [ app_end ] --START--
INFO: Run Behavior\ShowPageTraceBehavior [ RunTime:0.011001s ]
INFO: [ app_end ] --END-- [ RunTime:0.011001s ]

[ 2018-04-24T02:18:53+08:00 ] ::1 /admin.php?c=login&a=check
INFO: [ app_init ] --START--
INFO: Run Behavior\BuildLiteBehavior [ RunTime:0.000000s ]
INFO: [ app_init ] --END-- [ RunTime:0.001000s ]
INFO: [ app_begin ] --START--
INFO: Run Behavior\ReadHtmlCacheBehavior [ RunTime:0.002000s ]
INFO: [ app_begin ] --END-- [ RunTime:0.002000s ]
SQL: SHOW COLUMNS FROM `zyxy_admin` [ RunTime:0.0156s ]
SQL: SELECT * FROM `zyxy_admin` WHERE ( username="admin" ) LIMIT 1   [ RunTime:0.0156s ]
SQL: UPDATE `zyxy_admin` SET `lastlogintime`='1524507533' WHERE ( admin_id=1 ) [ RunTime:0.0000s ]

[ 2018-04-24T02:18:55+08:00 ] ::1 /admin.php?c=analysis
INFO: [ app_init ] --START--
INFO: Run Behavior\BuildLiteBehavior [ RunTime:0.000000s ]
INFO: [ app_init ] --END-- [ RunTime:0.001000s ]
INFO: [ app_begin ] --START--
INFO: Run Behavior\ReadHtmlCacheBehavior [ RunTime:0.001000s ]
INFO: [ app_begin ] --END-- [ RunTime:0.002000s ]
SQL: SHOW COLUMNS FROM `zyxy_user` [ RunTime:0.0120s ]
SQL: SELECT COUNT(*) AS tp_count FROM `zyxy_user` WHERE `status` = 1 AND `lastlogintime` > 1524499200 LIMIT 1   [ RunTime:0.0010s ]
NOTIC: [2] Illegal string offset 'tp_count' H:\eeluo\Application\Common\Model\UserModel.class.php 第 88 行.
NOTIC: [2048] Declaration of Common\Model\ProductModel::find() should be compatible with Think\Model::find($options = Array) H:\eeluo\Application\Common\Model\ProductModel.class.php 第 157 行.
SQL: SHOW COLUMNS FROM `zyxy_product` [ RunTime:0.0010s ]
SQL: SELECT COUNT(*) AS tp_count FROM `zyxy_product` WHERE `status` <> -1 LIMIT 1   [ RunTime:0.0010s ]
NOTIC: [2048] Declaration of Common\Model\FranchiseeModel::find() should be compatible with Think\Model::find($options = Array) H:\eeluo\Application\Common\Model\FranchiseeModel.class.php 第 148 行.
SQL: SHOW COLUMNS FROM `zyxy_franchisee` [ RunTime:0.0030s ]
SQL: SELECT COUNT(*) AS tp_count FROM `zyxy_franchisee` WHERE `status` <> -1 LIMIT 1   [ RunTime:0.0010s ]
NOTIC: [2048] Declaration of Common\Model\PartenerModel::find() should be compatible with Think\Model::find($options = Array) H:\eeluo\Application\Common\Model\PartenerModel.class.php 第 161 行.
SQL: SHOW COLUMNS FROM `zyxy_partener` [ RunTime:0.0020s ]
SQL: SELECT COUNT(*) AS tp_count FROM `zyxy_partener` WHERE `status` <> -1 LIMIT 1   [ RunTime:0.0010s ]
INFO: [ view_parse ] --START--
INFO: [ template_filter ] --START--
INFO: Run Behavior\ContentReplaceBehavior [ RunTime:0.000000s ]
INFO: [ template_filter ] --END-- [ RunTime:0.001000s ]
NOTIC: [2048] Declaration of Common\Model\MenuModel::find() should be compatible with Think\Model::find($options = Array) H:\eeluo\Application\Common\Model\MenuModel.class.php 第 92 行.
SQL: SHOW COLUMNS FROM `zyxy_menu` [ RunTime:0.0030s ]
SQL: SELECT * FROM `zyxy_menu` WHERE `status` <> -1 AND `type` = 1 ORDER BY listorder desc,menu_id desc  [ RunTime:0.0100s ]
NOTIC: [8] Undefined index: a H:\eeluo\Application\Common\Common\function.php 第 50 行.
NOTIC: [8] Undefined index: a H:\eeluo\Application\Common\Common\function.php 第 50 行.
NOTIC: [8] Undefined index: a H:\eeluo\Application\Common\Common\function.php 第 50 行.
NOTIC: [8] Undefined index: a H:\eeluo\Application\Common\Common\function.php 第 50 行.
NOTIC: [8] Undefined index: a H:\eeluo\Application\Common\Common\function.php 第 50 行.
NOTIC: [8] Undefined index: a H:\eeluo\Application\Common\Common\function.php 第 50 行.
NOTIC: [8] Undefined index: a H:\eeluo\Application\Common\Common\function.php 第 50 行.
NOTIC: [8] Undefined index: a H:\eeluo\Application\Common\Common\function.php 第 50 行.
NOTIC: [8] Undefined index: a H:\eeluo\Application\Common\Common\function.php 第 50 行.
NOTIC: [8] Undefined index: a H:\eeluo\Application\Common\Common\function.php 第 50 行.
NOTIC: [8] Undefined index: a H:\eeluo\Application\Common\Common\function.php 第 50 行.
NOTIC: [8] Undefined index: a H:\eeluo\Application\Common\Common\function.php 第 50 行.
NOTIC: [8] Undefined index: a H:\eeluo\Application\Common\Common\function.php 第 50 行.
NOTIC: [8] Undefined index: a H:\eeluo\Application\Common\Common\function.php 第 50 行.
INFO: Run Behavior\ParseTemplateBehavior [ RunTime:0.062003s ]
INFO: [ view_parse ] --END-- [ RunTime:0.062003s ]
INFO: [ view_filter ] --START--
INFO: Run Behavior\WriteHtmlCacheBehavior [ RunTime:0.001000s ]
INFO: [ view_filter ] --END-- [ RunTime:0.001000s ]
INFO: [ app_end ] --START--
INFO: Run Behavior\ShowPageTraceBehavior [ RunTime:0.001000s ]
INFO: [ app_end ] --END-- [ RunTime:0.002000s ]

[ 2018-04-24T02:19:10+08:00 ] ::1 /admin.php?c=basic
INFO: [ app_init ] --START--
INFO: Run Behavior\BuildLiteBehavior [ RunTime:0.000000s ]
INFO: [ app_init ] --END-- [ RunTime:0.001000s ]
INFO: [ app_begin ] --START--
INFO: Run Behavior\ReadHtmlCacheBehavior [ RunTime:0.001000s ]
INFO: [ app_begin ] --END-- [ RunTime:0.001000s ]
NOTIC: [2048] Declaration of Common\Model\BasicModel::save() should be compatible with Think\Model::save($data = '', $options = Array) H:\eeluo\Application\Common\Model\BasicModel.class.php 第 9 行.
NOTIC: [2048] Declaration of Common\Model\BasicModel::select() should be compatible with Think\Model::select($options = Array) H:\eeluo\Application\Common\Model\BasicModel.class.php 第 9 行.
INFO: [ view_parse ] --START--
INFO: [ template_filter ] --START--
INFO: Run Behavior\ContentReplaceBehavior [ RunTime:0.000000s ]
INFO: [ template_filter ] --END-- [ RunTime:0.000000s ]
NOTIC: [2048] Declaration of Common\Model\MenuModel::find() should be compatible with Think\Model::find($options = Array) H:\eeluo\Application\Common\Model\MenuModel.class.php 第 92 行.
SQL: SHOW COLUMNS FROM `zyxy_menu` [ RunTime:0.0010s ]
SQL: SELECT * FROM `zyxy_menu` WHERE `status` <> -1 AND `type` = 1 ORDER BY listorder desc,menu_id desc  [ RunTime:0.0010s ]
NOTIC: [8] Undefined index: a H:\eeluo\Application\Common\Common\function.php 第 50 行.
NOTIC: [8] Undefined index: a H:\eeluo\Application\Common\Common\function.php 第 50 行.
NOTIC: [8] Undefined index: a H:\eeluo\Application\Common\Common\function.php 第 50 行.
NOTIC: [8] Undefined index: a H:\eeluo\Application\Common\Common\function.php 第 50 行.
NOTIC: [8] Undefined index: a H:\eeluo\Application\Common\Common\function.php 第 50 行.
NOTIC: [8] Undefined index: a H:\eeluo\Application\Common\Common\function.php 第 50 行.
NOTIC: [8] Undefined index: a H:\eeluo\Application\Common\Common\function.php 第 50 行.
NOTIC: [8] Undefined index: a H:\eeluo\Application\Common\Common\function.php 第 50 行.
NOTIC: [8] Undefined index: a H:\eeluo\Application\Common\Common\function.php 第 50 行.
NOTIC: [8] Undefined index: a H:\eeluo\Application\Common\Common\function.php 第 50 行.
NOTIC: [8] Undefined index: a H:\eeluo\Application\Common\Common\function.php 第 50 行.
NOTIC: [8] Undefined index: a H:\eeluo\Application\Common\Common\function.php 第 50 行.
NOTIC: [8] Undefined index: a H:\eeluo\Application\Common\Common\function.php 第 50 行.
NOTIC: [8] Undefined index: a H:\eeluo\Application\Common\Common\function.php 第 50 行.
INFO: Run Behavior\ParseTemplateBehavior [ RunTime:0.051003s ]
INFO: [ view_parse ] --END-- [ RunTime:0.051003s ]
INFO: [ view_filter ] --START--
INFO: Run Behavior\WriteHtmlCacheBehavior [ RunTime:0.001000s ]
INFO: [ view_filter ] --END-- [ RunTime:0.001000s ]
INFO: [ app_end ] --START--
INFO: Run Behavior\ShowPageTraceBehavior [ RunTime:0.001000s ]
INFO: [ app_end ] --END-- [ RunTime:0.001000s ]

[ 2018-04-24T02:19:12+08:00 ] ::1 /admin.php?c=news
INFO: [ app_init ] --START--
INFO: Run Behavior\BuildLiteBehavior [ RunTime:0.001000s ]
INFO: [ app_init ] --END-- [ RunTime:0.001000s ]
INFO: [ app_begin ] --START--
INFO: Run Behavior\ReadHtmlCacheBehavior [ RunTime:0.001000s ]
INFO: [ app_begin ] --END-- [ RunTime:0.002000s ]
NOTIC: [2048] Declaration of Admin\Controller\NewsController::setStatus() should be compatible with Admin\Controller\CommonController::setStatus($data, $models) H:\eeluo\Application\Admin\Controller\NewsController.class.php 第 8 行.
NOTIC: [2048] Declaration of Admin\Controller\NewsController::listorder() should be compatible with Admin\Controller\CommonController::listorder($model = '') H:\eeluo\Application\Admin\Controller\NewsController.class.php 第 8 行.
NOTIC: [2048] Declaration of Common\Model\NewsModel::find() should be compatible with Think\Model::find($options = Array) H:\eeluo\Application\Common\Model\NewsModel.class.php 第 4 行.
SQL: SHOW COLUMNS FROM `zyxy_news` [ RunTime:0.0010s ]
SQL: SELECT * FROM `zyxy_news` WHERE `status` <> -1 ORDER BY listorder desc,news_id desc  [ RunTime:0.0010s ]
INFO: [ view_parse ] --START--
INFO: [ template_filter ] --START--
INFO: Run Behavior\ContentReplaceBehavior [ RunTime:0.000000s ]
INFO: [ template_filter ] --END-- [ RunTime:0.000000s ]
NOTIC: [2048] Declaration of Common\Model\MenuModel::find() should be compatible with Think\Model::find($options = Array) H:\eeluo\Application\Common\Model\MenuModel.class.php 第 92 行.
SQL: SHOW COLUMNS FROM `zyxy_menu` [ RunTime:0.0020s ]
SQL: SELECT * FROM `zyxy_menu` WHERE `status` <> -1 AND `type` = 1 ORDER BY listorder desc,menu_id desc  [ RunTime:0.0010s ]
NOTIC: [8] Undefined index: a H:\eeluo\Application\Common\Common\function.php 第 50 行.
NOTIC: [8] Undefined index: a H:\eeluo\Application\Common\Common\function.php 第 50 行.
NOTIC: [8] Undefined index: a H:\eeluo\Application\Common\Common\function.php 第 50 行.
NOTIC: [8] Undefined index: a H:\eeluo\Application\Common\Common\function.php 第 50 行.
NOTIC: [8] Undefined index: a H:\eeluo\Application\Common\Common\function.php 第 50 行.
NOTIC: [8] Undefined index: a H:\eeluo\Application\Common\Common\function.php 第 50 行.
NOTIC: [8] Undefined index: a H:\eeluo\Application\Common\Common\function.php 第 50 行.
NOTIC: [8] Undefined index: a H:\eeluo\Application\Common\Common\function.php 第 50 行.
NOTIC: [8] Undefined index: a H:\eeluo\Application\Common\Common\function.php 第 50 行.
NOTIC: [8] Undefined index: a H:\eeluo\Application\Common\Common\function.php 第 50 行.
NOTIC: [8] Undefined index: a H:\eeluo\Application\Common\Common\function.php 第 50 行.
NOTIC: [8] Undefined index: a H:\eeluo\Application\Common\Common\function.php 第 50 行.
NOTIC: [8] Undefined index: a H:\eeluo\Application\Common\Common\function.php 第 50 行.
NOTIC: [8] Undefined index: a H:\eeluo\Application\Common\Common\function.php 第 50 行.
INFO: Run Behavior\ParseTemplateBehavior [ RunTime:0.036002s ]
INFO: [ view_parse ] --END-- [ RunTime:0.036002s ]
INFO: [ view_filter ] --START--
INFO: Run Behavior\WriteHtmlCacheBehavior [ RunTime:0.001000s ]
INFO: [ view_filter ] --END-- [ RunTime:0.001000s ]
INFO: [ app_end ] --START--
INFO: Run Behavior\ShowPageTraceBehavior [ RunTime:0.001000s ]
INFO: [ app_end ] --END-- [ RunTime:0.001000s ]

[ 2018-04-24T02:19:14+08:00 ] ::1 /admin.php?c=order
INFO: [ app_init ] --START--
INFO: Run Behavior\BuildLiteBehavior [ RunTime:0.000000s ]
INFO: [ app_init ] --END-- [ RunTime:0.001000s ]
INFO: [ app_begin ] --START--
INFO: Run Behavior\ReadHtmlCacheBehavior [ RunTime:0.001000s ]
INFO: [ app_begin ] --END-- [ RunTime:0.001000s ]
NOTIC: [2048] Declaration of Common\Model\OrderModel::find() should be compatible with Think\Model::find($options = Array) H:\eeluo\Application\Common\Model\OrderModel.class.php 第 5 行.
SQL: SHOW COLUMNS FROM `zyxy_order` [ RunTime:0.0030s ]
SQL: SHOW COLUMNS FROM `zyxy_order` [ RunTime:0.0010s ]
ERR: 1055:Expression #1 of ORDER BY clause is not in GROUP BY clause and contains nonaggregated column 'dev_zyxy.a.create_time' which is not functionally dependent on columns in GROUP BY clause; this is incompatible with sql_mode=only_full_group_by
 [ SQL语句 ] : SELECT a.order_number,max(b.username) as username,max(b.openid) as openid,max(a.create_time) as create_time,sum(a.buy_price*a.buy_amount) as kingaku,min(paystatus) as paystatus,max(a.instruc) as instruc FROM zyxy_order as a INNER JOIN zyxy_user  as  b  on b.user_id = a.user_id  WHERE ( a.status  <>  -1 ) GROUP BY a.order_number ORDER BY a.create_time desc 
ERR: 1055:Expression #1 of ORDER BY clause is not in GROUP BY clause and contains nonaggregated column 'dev_zyxy.a.create_time' which is not functionally dependent on columns in GROUP BY clause; this is incompatible with sql_mode=only_full_group_by
 [ SQL语句 ] : SELECT a.order_number,max(b.username) as username,max(b.openid) as openid,max(a.create_time) as create_time,sum(a.buy_price*a.buy_amount) as kingaku,min(paystatus) as paystatus,max(a.instruc) as instruc FROM zyxy_order as a INNER JOIN zyxy_user  as  b  on b.user_id = a.user_id  WHERE ( a.status  <>  -1 ) GROUP BY a.order_number ORDER BY a.create_time desc 

[ 2018-04-24T02:19:20+08:00 ] ::1 /admin.php?c=order
INFO: [ app_init ] --START--
INFO: Run Behavior\BuildLiteBehavior [ RunTime:0.000000s ]
INFO: [ app_init ] --END-- [ RunTime:0.001000s ]
INFO: [ app_begin ] --START--
INFO: Run Behavior\ReadHtmlCacheBehavior [ RunTime:0.001000s ]
INFO: [ app_begin ] --END-- [ RunTime:0.002000s ]
NOTIC: [2048] Declaration of Common\Model\OrderModel::find() should be compatible with Think\Model::find($options = Array) H:\eeluo\Application\Common\Model\OrderModel.class.php 第 5 行.
SQL: SHOW COLUMNS FROM `zyxy_order` [ RunTime:0.0020s ]
SQL: SHOW COLUMNS FROM `zyxy_order` [ RunTime:0.0030s ]
ERR: 1055:Expression #1 of ORDER BY clause is not in GROUP BY clause and contains nonaggregated column 'dev_zyxy.a.create_time' which is not functionally dependent on columns in GROUP BY clause; this is incompatible with sql_mode=only_full_group_by
 [ SQL语句 ] : SELECT a.order_number,max(b.username) as username,max(b.openid) as openid,max(a.create_time) as create_time,sum(a.buy_price*a.buy_amount) as kingaku,min(paystatus) as paystatus,max(a.instruc) as instruc FROM zyxy_order as a INNER JOIN zyxy_user  as  b  on b.user_id = a.user_id  WHERE ( a.status  <>  -1 ) GROUP BY a.order_number ORDER BY a.create_time desc 
ERR: 1055:Expression #1 of ORDER BY clause is not in GROUP BY clause and contains nonaggregated column 'dev_zyxy.a.create_time' which is not functionally dependent on columns in GROUP BY clause; this is incompatible with sql_mode=only_full_group_by
 [ SQL语句 ] : SELECT a.order_number,max(b.username) as username,max(b.openid) as openid,max(a.create_time) as create_time,sum(a.buy_price*a.buy_amount) as kingaku,min(paystatus) as paystatus,max(a.instruc) as instruc FROM zyxy_order as a INNER JOIN zyxy_user  as  b  on b.user_id = a.user_id  WHERE ( a.status  <>  -1 ) GROUP BY a.order_number ORDER BY a.create_time desc 

[ 2018-04-24T02:19:26+08:00 ] ::1 /admin.php?c=productcat
INFO: [ app_init ] --START--
INFO: Run Behavior\BuildLiteBehavior [ RunTime:0.000000s ]
INFO: [ app_init ] --END-- [ RunTime:0.000000s ]
INFO: [ app_begin ] --START--
INFO: Run Behavior\ReadHtmlCacheBehavior [ RunTime:0.001000s ]
INFO: [ app_begin ] --END-- [ RunTime:0.001000s ]
NOTIC: [2048] Declaration of Admin\Controller\ProductcatController::setStatus() should be compatible with Admin\Controller\CommonController::setStatus($data, $models) H:\eeluo\Application\Admin\Controller\ProductcatController.class.php 第 8 行.
NOTIC: [2048] Declaration of Admin\Controller\ProductcatController::listorder() should be compatible with Admin\Controller\CommonController::listorder($model = '') H:\eeluo\Application\Admin\Controller\ProductcatController.class.php 第 8 行.
NOTIC: [8] Undefined index: p H:\eeluo\Application\Admin\Controller\ProductcatController.class.php 第 11 行.
NOTIC: [8] Undefined index: pageSize H:\eeluo\Application\Admin\Controller\ProductcatController.class.php 第 12 行.
NOTIC: [2048] Declaration of Common\Model\ProductCatModel::find() should be compatible with Think\Model::find($options = Array) H:\eeluo\Application\Common\Model\ProductCatModel.class.php 第 5 行.
SQL: SHOW COLUMNS FROM `zyxy_product_cat` [ RunTime:0.0010s ]
SQL: SELECT * FROM `zyxy_product_cat` WHERE `status` <> -1 ORDER BY listorder desc,product_cat_id desc  [ RunTime:0.0010s ]
SQL: SELECT COUNT(*) AS tp_count FROM `zyxy_product_cat` WHERE `status` <> -1 LIMIT 1   [ RunTime:0.0000s ]
NOTIC: [8] Undefined variable: productcatsCount H:\eeluo\Application\Admin\Controller\ProductcatController.class.php 第 15 行.
INFO: [ view_parse ] --START--
INFO: [ template_filter ] --START--
INFO: Run Behavior\ContentReplaceBehavior [ RunTime:0.000000s ]
INFO: [ template_filter ] --END-- [ RunTime:0.000000s ]
NOTIC: [2048] Declaration of Common\Model\MenuModel::find() should be compatible with Think\Model::find($options = Array) H:\eeluo\Application\Common\Model\MenuModel.class.php 第 92 行.
SQL: SHOW COLUMNS FROM `zyxy_menu` [ RunTime:0.0020s ]
SQL: SELECT * FROM `zyxy_menu` WHERE `status` <> -1 AND `type` = 1 ORDER BY listorder desc,menu_id desc  [ RunTime:0.0000s ]
NOTIC: [8] Undefined index: a H:\eeluo\Application\Common\Common\function.php 第 50 行.
NOTIC: [8] Undefined index: a H:\eeluo\Application\Common\Common\function.php 第 50 行.
NOTIC: [8] Undefined index: a H:\eeluo\Application\Common\Common\function.php 第 50 行.
NOTIC: [8] Undefined index: a H:\eeluo\Application\Common\Common\function.php 第 50 行.
NOTIC: [8] Undefined index: a H:\eeluo\Application\Common\Common\function.php 第 50 行.
NOTIC: [8] Undefined index: a H:\eeluo\Application\Common\Common\function.php 第 50 行.
NOTIC: [8] Undefined index: a H:\eeluo\Application\Common\Common\function.php 第 50 行.
NOTIC: [8] Undefined index: a H:\eeluo\Application\Common\Common\function.php 第 50 行.
NOTIC: [8] Undefined index: a H:\eeluo\Application\Common\Common\function.php 第 50 行.
NOTIC: [8] Undefined index: a H:\eeluo\Application\Common\Common\function.php 第 50 行.
NOTIC: [8] Undefined index: a H:\eeluo\Application\Common\Common\function.php 第 50 行.
NOTIC: [8] Undefined index: a H:\eeluo\Application\Common\Common\function.php 第 50 行.
NOTIC: [8] Undefined index: a H:\eeluo\Application\Common\Common\function.php 第 50 行.
NOTIC: [8] Undefined index: a H:\eeluo\Application\Common\Common\function.php 第 50 行.
NOTIC: [8] Undefined variable: nav H:\eeluo\Application\Runtime\Cache\Admin\31565bf8e7172b8f980d65d596857186.php 第 102 行.
NOTIC: [8] Undefined variable: itemcats H:\eeluo\Application\Runtime\Cache\Admin\31565bf8e7172b8f980d65d596857186.php 第 130 行.
NOTIC: [8] Undefined variable: itemcats H:\eeluo\Application\Runtime\Cache\Admin\31565bf8e7172b8f980d65d596857186.php 第 130 行.
NOTIC: [8] Undefined variable: itemcats H:\eeluo\Application\Runtime\Cache\Admin\31565bf8e7172b8f980d65d596857186.php 第 130 行.
NOTIC: [8] Undefined variable: itemcats H:\eeluo\Application\Runtime\Cache\Admin\31565bf8e7172b8f980d65d596857186.php 第 130 行.
NOTIC: [8] Undefined variable: itemcats H:\eeluo\Application\Runtime\Cache\Admin\31565bf8e7172b8f980d65d596857186.php 第 130 行.
NOTIC: [8] Undefined variable: itemcats H:\eeluo\Application\Runtime\Cache\Admin\31565bf8e7172b8f980d65d596857186.php 第 130 行.
NOTIC: [8] Undefined variable: itemcats H:\eeluo\Application\Runtime\Cache\Admin\31565bf8e7172b8f980d65d596857186.php 第 130 行.
NOTIC: [8] Undefined variable: itemcats H:\eeluo\Application\Runtime\Cache\Admin\31565bf8e7172b8f980d65d596857186.php 第 130 行.
NOTIC: [8] Undefined variable: itemcats H:\eeluo\Application\Runtime\Cache\Admin\31565bf8e7172b8f980d65d596857186.php 第 130 行.
NOTIC: [8] Undefined variable: itemcats H:\eeluo\Application\Runtime\Cache\Admin\31565bf8e7172b8f980d65d596857186.php 第 130 行.
NOTIC: [8] Undefined variable: itemcats H:\eeluo\Application\Runtime\Cache\Admin\31565bf8e7172b8f980d65d596857186.php 第 130 行.
NOTIC: [8] Undefined variable: itemcats H:\eeluo\Application\Runtime\Cache\Admin\31565bf8e7172b8f980d65d596857186.php 第 130 行.
NOTIC: [8] Undefined variable: itemcats H:\eeluo\Application\Runtime\Cache\Admin\31565bf8e7172b8f980d65d596857186.php 第 130 行.
NOTIC: [8] Undefined variable: itemcats H:\eeluo\Application\Runtime\Cache\Admin\31565bf8e7172b8f980d65d596857186.php 第 130 行.
NOTIC: [8] Undefined variable: itemcats H:\eeluo\Application\Runtime\Cache\Admin\31565bf8e7172b8f980d65d596857186.php 第 130 行.
NOTIC: [8] Undefined variable: itemcats H:\eeluo\Application\Runtime\Cache\Admin\31565bf8e7172b8f980d65d596857186.php 第 130 行.
NOTIC: [8] Undefined variable: itemcats H:\eeluo\Application\Runtime\Cache\Admin\31565bf8e7172b8f980d65d596857186.php 第 130 行.
NOTIC: [8] Undefined variable: itemcats H:\eeluo\Application\Runtime\Cache\Admin\31565bf8e7172b8f980d65d596857186.php 第 130 行.
INFO: Run Behavior\ParseTemplateBehavior [ RunTime:0.036002s ]
INFO: [ view_parse ] --END-- [ RunTime:0.037002s ]
INFO: [ view_filter ] --START--
INFO: Run Behavior\WriteHtmlCacheBehavior [ RunTime:0.001000s ]
INFO: [ view_filter ] --END-- [ RunTime:0.001000s ]
INFO: [ app_end ] --START--
INFO: Run Behavior\ShowPageTraceBehavior [ RunTime:0.001000s ]
INFO: [ app_end ] --END-- [ RunTime:0.001000s ]

[ 2018-04-24T02:19:28+08:00 ] ::1 /admin.php?c=analysis
INFO: [ app_init ] --START--
INFO: Run Behavior\BuildLiteBehavior [ RunTime:0.001000s ]
INFO: [ app_init ] --END-- [ RunTime:0.001000s ]
INFO: [ app_begin ] --START--
INFO: Run Behavior\ReadHtmlCacheBehavior [ RunTime:0.001000s ]
INFO: [ app_begin ] --END-- [ RunTime:0.001000s ]
SQL: SHOW COLUMNS FROM `zyxy_user` [ RunTime:0.0020s ]
SQL: SELECT COUNT(*) AS tp_count FROM `zyxy_user` WHERE `status` = 1 AND `lastlogintime` > 1524499200 LIMIT 1   [ RunTime:0.0010s ]
NOTIC: [2] Illegal string offset 'tp_count' H:\eeluo\Application\Common\Model\UserModel.class.php 第 88 行.
NOTIC: [2048] Declaration of Common\Model\ProductModel::find() should be compatible with Think\Model::find($options = Array) H:\eeluo\Application\Common\Model\ProductModel.class.php 第 157 行.
SQL: SHOW COLUMNS FROM `zyxy_product` [ RunTime:0.0010s ]
SQL: SELECT COUNT(*) AS tp_count FROM `zyxy_product` WHERE `status` <> -1 LIMIT 1   [ RunTime:0.0000s ]
NOTIC: [2048] Declaration of Common\Model\FranchiseeModel::find() should be compatible with Think\Model::find($options = Array) H:\eeluo\Application\Common\Model\FranchiseeModel.class.php 第 148 行.
SQL: SHOW COLUMNS FROM `zyxy_franchisee` [ RunTime:0.0020s ]
SQL: SELECT COUNT(*) AS tp_count FROM `zyxy_franchisee` WHERE `status` <> -1 LIMIT 1   [ RunTime:0.0010s ]
NOTIC: [2048] Declaration of Common\Model\PartenerModel::find() should be compatible with Think\Model::find($options = Array) H:\eeluo\Application\Common\Model\PartenerModel.class.php 第 161 行.
SQL: SHOW COLUMNS FROM `zyxy_partener` [ RunTime:0.0010s ]
SQL: SELECT COUNT(*) AS tp_count FROM `zyxy_partener` WHERE `status` <> -1 LIMIT 1   [ RunTime:0.0000s ]
INFO: [ view_parse ] --START--
INFO: [ template_filter ] --START--
INFO: Run Behavior\ContentReplaceBehavior [ RunTime:0.000000s ]
INFO: [ template_filter ] --END-- [ RunTime:0.000000s ]
NOTIC: [2048] Declaration of Common\Model\MenuModel::find() should be compatible with Think\Model::find($options = Array) H:\eeluo\Application\Common\Model\MenuModel.class.php 第 92 行.
SQL: SHOW COLUMNS FROM `zyxy_menu` [ RunTime:0.0010s ]
SQL: SELECT * FROM `zyxy_menu` WHERE `status` <> -1 AND `type` = 1 ORDER BY listorder desc,menu_id desc  [ RunTime:0.0010s ]
NOTIC: [8] Undefined index: a H:\eeluo\Application\Common\Common\function.php 第 50 行.
NOTIC: [8] Undefined index: a H:\eeluo\Application\Common\Common\function.php 第 50 行.
NOTIC: [8] Undefined index: a H:\eeluo\Application\Common\Common\function.php 第 50 行.
NOTIC: [8] Undefined index: a H:\eeluo\Application\Common\Common\function.php 第 50 行.
NOTIC: [8] Undefined index: a H:\eeluo\Application\Common\Common\function.php 第 50 行.
NOTIC: [8] Undefined index: a H:\eeluo\Application\Common\Common\function.php 第 50 行.
NOTIC: [8] Undefined index: a H:\eeluo\Application\Common\Common\function.php 第 50 行.
NOTIC: [8] Undefined index: a H:\eeluo\Application\Common\Common\function.php 第 50 行.
NOTIC: [8] Undefined index: a H:\eeluo\Application\Common\Common\function.php 第 50 行.
NOTIC: [8] Undefined index: a H:\eeluo\Application\Common\Common\function.php 第 50 行.
NOTIC: [8] Undefined index: a H:\eeluo\Application\Common\Common\function.php 第 50 行.
NOTIC: [8] Undefined index: a H:\eeluo\Application\Common\Common\function.php 第 50 行.
NOTIC: [8] Undefined index: a H:\eeluo\Application\Common\Common\function.php 第 50 行.
NOTIC: [8] Undefined index: a H:\eeluo\Application\Common\Common\function.php 第 50 行.
INFO: Run Behavior\ParseTemplateBehavior [ RunTime:0.026001s ]
INFO: [ view_parse ] --END-- [ RunTime:0.026001s ]
INFO: [ view_filter ] --START--
INFO: Run Behavior\WriteHtmlCacheBehavior [ RunTime:0.001000s ]
INFO: [ view_filter ] --END-- [ RunTime:0.001000s ]
INFO: [ app_end ] --START--
INFO: Run Behavior\ShowPageTraceBehavior [ RunTime:0.001000s ]
INFO: [ app_end ] --END-- [ RunTime:0.001000s ]

[ 2018-04-24T02:19:30+08:00 ] ::1 /admin.php?c=basic
INFO: [ app_init ] --START--
INFO: Run Behavior\BuildLiteBehavior [ RunTime:0.000000s ]
INFO: [ app_init ] --END-- [ RunTime:0.001000s ]
INFO: [ app_begin ] --START--
INFO: Run Behavior\ReadHtmlCacheBehavior [ RunTime:0.001000s ]
INFO: [ app_begin ] --END-- [ RunTime:0.001000s ]
NOTIC: [2048] Declaration of Common\Model\BasicModel::save() should be compatible with Think\Model::save($data = '', $options = Array) H:\eeluo\Application\Common\Model\BasicModel.class.php 第 9 行.
NOTIC: [2048] Declaration of Common\Model\BasicModel::select() should be compatible with Think\Model::select($options = Array) H:\eeluo\Application\Common\Model\BasicModel.class.php 第 9 行.
INFO: [ view_parse ] --START--
INFO: [ template_filter ] --START--
INFO: Run Behavior\ContentReplaceBehavior [ RunTime:0.000000s ]
INFO: [ template_filter ] --END-- [ RunTime:0.001000s ]
NOTIC: [2048] Declaration of Common\Model\MenuModel::find() should be compatible with Think\Model::find($options = Array) H:\eeluo\Application\Common\Model\MenuModel.class.php 第 92 行.
SQL: SHOW COLUMNS FROM `zyxy_menu` [ RunTime:0.0020s ]
SQL: SELECT * FROM `zyxy_menu` WHERE `status` <> -1 AND `type` = 1 ORDER BY listorder desc,menu_id desc  [ RunTime:0.0000s ]
NOTIC: [8] Undefined index: a H:\eeluo\Application\Common\Common\function.php 第 50 行.
NOTIC: [8] Undefined index: a H:\eeluo\Application\Common\Common\function.php 第 50 行.
NOTIC: [8] Undefined index: a H:\eeluo\Application\Common\Common\function.php 第 50 行.
NOTIC: [8] Undefined index: a H:\eeluo\Application\Common\Common\function.php 第 50 行.
NOTIC: [8] Undefined index: a H:\eeluo\Application\Common\Common\function.php 第 50 行.
NOTIC: [8] Undefined index: a H:\eeluo\Application\Common\Common\function.php 第 50 行.
NOTIC: [8] Undefined index: a H:\eeluo\Application\Common\Common\function.php 第 50 行.
NOTIC: [8] Undefined index: a H:\eeluo\Application\Common\Common\function.php 第 50 行.
NOTIC: [8] Undefined index: a H:\eeluo\Application\Common\Common\function.php 第 50 行.
NOTIC: [8] Undefined index: a H:\eeluo\Application\Common\Common\function.php 第 50 行.
NOTIC: [8] Undefined index: a H:\eeluo\Application\Common\Common\function.php 第 50 行.
NOTIC: [8] Undefined index: a H:\eeluo\Application\Common\Common\function.php 第 50 行.
NOTIC: [8] Undefined index: a H:\eeluo\Application\Common\Common\function.php 第 50 行.
NOTIC: [8] Undefined index: a H:\eeluo\Application\Common\Common\function.php 第 50 行.
INFO: Run Behavior\ParseTemplateBehavior [ RunTime:0.042003s ]
INFO: [ view_parse ] --END-- [ RunTime:0.042003s ]
INFO: [ view_filter ] --START--
INFO: Run Behavior\WriteHtmlCacheBehavior [ RunTime:0.001000s ]
INFO: [ view_filter ] --END-- [ RunTime:0.001000s ]
INFO: [ app_end ] --START--
INFO: Run Behavior\ShowPageTraceBehavior [ RunTime:0.001000s ]
INFO: [ app_end ] --END-- [ RunTime:0.002000s ]

[ 2018-04-24T02:20:17+08:00 ] ::1 /admin.php?c=basic&a=save
INFO: [ app_init ] --START--
INFO: Run Behavior\BuildLiteBehavior [ RunTime:0.000000s ]
INFO: [ app_init ] --END-- [ RunTime:0.001000s ]
INFO: [ app_begin ] --START--
INFO: Run Behavior\ReadHtmlCacheBehavior [ RunTime:0.000000s ]
INFO: [ app_begin ] --END-- [ RunTime:0.002000s ]
NOTIC: [2048] Declaration of Common\Model\BasicModel::save() should be compatible with Think\Model::save($data = '', $options = Array) H:\eeluo\Application\Common\Model\BasicModel.class.php 第 9 行.
NOTIC: [2048] Declaration of Common\Model\BasicModel::select() should be compatible with Think\Model::select($options = Array) H:\eeluo\Application\Common\Model\BasicModel.class.php 第 9 行.

[ 2018-04-24T02:20:19+08:00 ] ::1 /admin.php?c=basic
INFO: [ app_init ] --START--
INFO: Run Behavior\BuildLiteBehavior [ RunTime:0.000000s ]
INFO: [ app_init ] --END-- [ RunTime:0.001000s ]
INFO: [ app_begin ] --START--
INFO: Run Behavior\ReadHtmlCacheBehavior [ RunTime:0.000000s ]
INFO: [ app_begin ] --END-- [ RunTime:0.002000s ]
NOTIC: [2048] Declaration of Common\Model\BasicModel::save() should be compatible with Think\Model::save($data = '', $options = Array) H:\eeluo\Application\Common\Model\BasicModel.class.php 第 9 行.
NOTIC: [2048] Declaration of Common\Model\BasicModel::select() should be compatible with Think\Model::select($options = Array) H:\eeluo\Application\Common\Model\BasicModel.class.php 第 9 行.
INFO: [ view_parse ] --START--
INFO: [ template_filter ] --START--
INFO: Run Behavior\ContentReplaceBehavior [ RunTime:0.000000s ]
INFO: [ template_filter ] --END-- [ RunTime:0.000000s ]
NOTIC: [2048] Declaration of Common\Model\MenuModel::find() should be compatible with Think\Model::find($options = Array) H:\eeluo\Application\Common\Model\MenuModel.class.php 第 92 行.
SQL: SHOW COLUMNS FROM `zyxy_menu` [ RunTime:0.0020s ]
SQL: SELECT * FROM `zyxy_menu` WHERE `status` <> -1 AND `type` = 1 ORDER BY listorder desc,menu_id desc  [ RunTime:0.0010s ]
NOTIC: [8] Undefined index: a H:\eeluo\Application\Common\Common\function.php 第 50 行.
NOTIC: [8] Undefined index: a H:\eeluo\Application\Common\Common\function.php 第 50 行.
NOTIC: [8] Undefined index: a H:\eeluo\Application\Common\Common\function.php 第 50 行.
NOTIC: [8] Undefined index: a H:\eeluo\Application\Common\Common\function.php 第 50 行.
NOTIC: [8] Undefined index: a H:\eeluo\Application\Common\Common\function.php 第 50 行.
NOTIC: [8] Undefined index: a H:\eeluo\Application\Common\Common\function.php 第 50 行.
NOTIC: [8] Undefined index: a H:\eeluo\Application\Common\Common\function.php 第 50 行.
NOTIC: [8] Undefined index: a H:\eeluo\Application\Common\Common\function.php 第 50 行.
NOTIC: [8] Undefined index: a H:\eeluo\Application\Common\Common\function.php 第 50 行.
NOTIC: [8] Undefined index: a H:\eeluo\Application\Common\Common\function.php 第 50 行.
NOTIC: [8] Undefined index: a H:\eeluo\Application\Common\Common\function.php 第 50 行.
NOTIC: [8] Undefined index: a H:\eeluo\Application\Common\Common\function.php 第 50 行.
NOTIC: [8] Undefined index: a H:\eeluo\Application\Common\Common\function.php 第 50 行.
NOTIC: [8] Undefined index: a H:\eeluo\Application\Common\Common\function.php 第 50 行.
INFO: Run Behavior\ParseTemplateBehavior [ RunTime:0.053003s ]
INFO: [ view_parse ] --END-- [ RunTime:0.053003s ]
INFO: [ view_filter ] --START--
INFO: Run Behavior\WriteHtmlCacheBehavior [ RunTime:0.001000s ]
INFO: [ view_filter ] --END-- [ RunTime:0.001000s ]
INFO: [ app_end ] --START--
INFO: Run Behavior\ShowPageTraceBehavior [ RunTime:0.001000s ]
INFO: [ app_end ] --END-- [ RunTime:0.002000s ]

[ 2018-04-24T02:56:13+08:00 ] ::1 /admin.php?c=news
INFO: [ app_init ] --START--
INFO: Run Behavior\BuildLiteBehavior [ RunTime:0.000000s ]
INFO: [ app_init ] --END-- [ RunTime:0.001000s ]
INFO: [ app_begin ] --START--
INFO: Run Behavior\ReadHtmlCacheBehavior [ RunTime:0.001000s ]
INFO: [ app_begin ] --END-- [ RunTime:0.001000s ]
NOTIC: [2048] Declaration of Admin\Controller\NewsController::setStatus() should be compatible with Admin\Controller\CommonController::setStatus($data, $models) H:\eeluo\Application\Admin\Controller\NewsController.class.php 第 8 行.
NOTIC: [2048] Declaration of Admin\Controller\NewsController::listorder() should be compatible with Admin\Controller\CommonController::listorder($model = '') H:\eeluo\Application\Admin\Controller\NewsController.class.php 第 8 行.
NOTIC: [2048] Declaration of Common\Model\NewsModel::find() should be compatible with Think\Model::find($options = Array) H:\eeluo\Application\Common\Model\NewsModel.class.php 第 4 行.
SQL: SHOW COLUMNS FROM `zyxy_news` [ RunTime:0.0010s ]
SQL: SELECT * FROM `zyxy_news` WHERE `status` <> -1 ORDER BY listorder desc,news_id desc  [ RunTime:0.0000s ]
INFO: [ view_parse ] --START--
INFO: [ template_filter ] --START--
INFO: Run Behavior\ContentReplaceBehavior [ RunTime:0.000000s ]
INFO: [ template_filter ] --END-- [ RunTime:0.000000s ]
NOTIC: [2048] Declaration of Common\Model\MenuModel::find() should be compatible with Think\Model::find($options = Array) H:\eeluo\Application\Common\Model\MenuModel.class.php 第 92 行.
SQL: SHOW COLUMNS FROM `zyxy_menu` [ RunTime:0.0020s ]
SQL: SELECT * FROM `zyxy_menu` WHERE `status` <> -1 AND `type` = 1 ORDER BY listorder desc,menu_id desc  [ RunTime:0.0000s ]
NOTIC: [8] Undefined index: a H:\eeluo\Application\Common\Common\function.php 第 50 行.
NOTIC: [8] Undefined index: a H:\eeluo\Application\Common\Common\function.php 第 50 行.
NOTIC: [8] Undefined index: a H:\eeluo\Application\Common\Common\function.php 第 50 行.
NOTIC: [8] Undefined index: a H:\eeluo\Application\Common\Common\function.php 第 50 行.
NOTIC: [8] Undefined index: a H:\eeluo\Application\Common\Common\function.php 第 50 行.
NOTIC: [8] Undefined index: a H:\eeluo\Application\Common\Common\function.php 第 50 行.
NOTIC: [8] Undefined index: a H:\eeluo\Application\Common\Common\function.php 第 50 行.
NOTIC: [8] Undefined index: a H:\eeluo\Application\Common\Common\function.php 第 50 行.
NOTIC: [8] Undefined index: a H:\eeluo\Application\Common\Common\function.php 第 50 行.
NOTIC: [8] Undefined index: a H:\eeluo\Application\Common\Common\function.php 第 50 行.
NOTIC: [8] Undefined index: a H:\eeluo\Application\Common\Common\function.php 第 50 行.
NOTIC: [8] Undefined index: a H:\eeluo\Application\Common\Common\function.php 第 50 行.
NOTIC: [8] Undefined index: a H:\eeluo\Application\Common\Common\function.php 第 50 行.
NOTIC: [8] Undefined index: a H:\eeluo\Application\Common\Common\function.php 第 50 行.
INFO: Run Behavior\ParseTemplateBehavior [ RunTime:0.033002s ]
INFO: [ view_parse ] --END-- [ RunTime:0.033002s ]
INFO: [ view_filter ] --START--
INFO: Run Behavior\WriteHtmlCacheBehavior [ RunTime:0.001000s ]
INFO: [ view_filter ] --END-- [ RunTime:0.001000s ]
INFO: [ app_end ] --START--
INFO: Run Behavior\ShowPageTraceBehavior [ RunTime:0.001000s ]
INFO: [ app_end ] --END-- [ RunTime:0.002000s ]

[ 2018-04-24T02:56:15+08:00 ] ::1 /admin.php?c=news&a=add
INFO: [ app_init ] --START--
INFO: Run Behavior\BuildLiteBehavior [ RunTime:0.000000s ]
INFO: [ app_init ] --END-- [ RunTime:0.001000s ]
INFO: [ app_begin ] --START--
INFO: Run Behavior\ReadHtmlCacheBehavior [ RunTime:0.001000s ]
INFO: [ app_begin ] --END-- [ RunTime:0.002000s ]
NOTIC: [2048] Declaration of Admin\Controller\NewsController::setStatus() should be compatible with Admin\Controller\CommonController::setStatus($data, $models) H:\eeluo\Application\Admin\Controller\NewsController.class.php 第 8 行.
NOTIC: [2048] Declaration of Admin\Controller\NewsController::listorder() should be compatible with Admin\Controller\CommonController::listorder($model = '') H:\eeluo\Application\Admin\Controller\NewsController.class.php 第 8 行.
INFO: [ view_parse ] --START--
INFO: [ template_filter ] --START--
INFO: Run Behavior\ContentReplaceBehavior [ RunTime:0.000000s ]
INFO: [ template_filter ] --END-- [ RunTime:0.000000s ]
NOTIC: [2048] Declaration of Common\Model\MenuModel::find() should be compatible with Think\Model::find($options = Array) H:\eeluo\Application\Common\Model\MenuModel.class.php 第 5 行.
SQL: SHOW COLUMNS FROM `zyxy_menu` [ RunTime:0.0020s ]
SQL: SELECT * FROM `zyxy_menu` WHERE `status` <> -1 AND `type` = 1 ORDER BY listorder desc,menu_id desc  [ RunTime:0.0010s ]
NOTIC: [8] Undefined index: a H:\eeluo\Application\Common\Common\function.php 第 50 行.
NOTIC: [8] Undefined index: a H:\eeluo\Application\Common\Common\function.php 第 50 行.
NOTIC: [8] Undefined index: a H:\eeluo\Application\Common\Common\function.php 第 50 行.
NOTIC: [8] Undefined index: a H:\eeluo\Application\Common\Common\function.php 第 50 行.
NOTIC: [8] Undefined index: a H:\eeluo\Application\Common\Common\function.php 第 50 行.
NOTIC: [8] Undefined index: a H:\eeluo\Application\Common\Common\function.php 第 50 行.
NOTIC: [8] Undefined index: a H:\eeluo\Application\Common\Common\function.php 第 50 行.
NOTIC: [8] Undefined index: a H:\eeluo\Application\Common\Common\function.php 第 50 行.
NOTIC: [8] Undefined index: a H:\eeluo\Application\Common\Common\function.php 第 50 行.
NOTIC: [8] Undefined index: a H:\eeluo\Application\Common\Common\function.php 第 50 行.
NOTIC: [8] Undefined index: a H:\eeluo\Application\Common\Common\function.php 第 50 行.
NOTIC: [8] Undefined index: a H:\eeluo\Application\Common\Common\function.php 第 50 行.
NOTIC: [8] Undefined index: a H:\eeluo\Application\Common\Common\function.php 第 50 行.
NOTIC: [8] Undefined index: a H:\eeluo\Application\Common\Common\function.php 第 50 行.
NOTIC: [8] Undefined variable: news H:\eeluo\Application\Runtime\Cache\Admin\2dfc02e2d7eeff6052237f403f7435fe.php 第 202 行.
INFO: Run Behavior\ParseTemplateBehavior [ RunTime:0.058003s ]
INFO: [ view_parse ] --END-- [ RunTime:0.058003s ]
INFO: [ view_filter ] --START--
INFO: Run Behavior\WriteHtmlCacheBehavior [ RunTime:0.001000s ]
INFO: [ view_filter ] --END-- [ RunTime:0.001000s ]
INFO: [ app_end ] --START--
INFO: Run Behavior\ShowPageTraceBehavior [ RunTime:0.002001s ]
INFO: [ app_end ] --END-- [ RunTime:0.002001s ]

[ 2018-04-24T02:56:39+08:00 ] ::1 /admin.php?c=news&a=add
INFO: [ app_init ] --START--
INFO: Run Behavior\BuildLiteBehavior [ RunTime:0.000000s ]
INFO: [ app_init ] --END-- [ RunTime:0.000000s ]
INFO: [ app_begin ] --START--
INFO: Run Behavior\ReadHtmlCacheBehavior [ RunTime:0.002000s ]
INFO: [ app_begin ] --END-- [ RunTime:0.002000s ]
NOTIC: [2048] Declaration of Admin\Controller\NewsController::setStatus() should be compatible with Admin\Controller\CommonController::setStatus($data, $models) H:\eeluo\Application\Admin\Controller\NewsController.class.php 第 8 行.
NOTIC: [2048] Declaration of Admin\Controller\NewsController::listorder() should be compatible with Admin\Controller\CommonController::listorder($model = '') H:\eeluo\Application\Admin\Controller\NewsController.class.php 第 8 行.

[ 2018-04-24T02:56:54+08:00 ] ::1 /admin.php?c=news&a=add
INFO: [ app_init ] --START--
INFO: Run Behavior\BuildLiteBehavior [ RunTime:0.000000s ]
INFO: [ app_init ] --END-- [ RunTime:0.001001s ]
INFO: [ app_begin ] --START--
INFO: Run Behavior\ReadHtmlCacheBehavior [ RunTime:0.001000s ]
INFO: [ app_begin ] --END-- [ RunTime:0.001000s ]
NOTIC: [2048] Declaration of Admin\Controller\NewsController::setStatus() should be compatible with Admin\Controller\CommonController::setStatus($data, $models) H:\eeluo\Application\Admin\Controller\NewsController.class.php 第 8 行.
NOTIC: [2048] Declaration of Admin\Controller\NewsController::listorder() should be compatible with Admin\Controller\CommonController::listorder($model = '') H:\eeluo\Application\Admin\Controller\NewsController.class.php 第 8 行.

[ 2018-04-24T02:57:13+08:00 ] ::1 /admin.php?c=news&a=add
INFO: [ app_init ] --START--
INFO: Run Behavior\BuildLiteBehavior [ RunTime:0.000000s ]
INFO: [ app_init ] --END-- [ RunTime:0.001000s ]
INFO: [ app_begin ] --START--
INFO: Run Behavior\ReadHtmlCacheBehavior [ RunTime:0.001000s ]
INFO: [ app_begin ] --END-- [ RunTime:0.001000s ]
NOTIC: [2048] Declaration of Admin\Controller\NewsController::setStatus() should be compatible with Admin\Controller\CommonController::setStatus($data, $models) H:\eeluo\Application\Admin\Controller\NewsController.class.php 第 8 行.
NOTIC: [2048] Declaration of Admin\Controller\NewsController::listorder() should be compatible with Admin\Controller\CommonController::listorder($model = '') H:\eeluo\Application\Admin\Controller\NewsController.class.php 第 8 行.

[ 2018-04-24T02:57:16+08:00 ] ::1 /admin.php?c=news&a=add
INFO: [ app_init ] --START--
INFO: Run Behavior\BuildLiteBehavior [ RunTime:0.000000s ]
INFO: [ app_init ] --END-- [ RunTime:0.001000s ]
INFO: [ app_begin ] --START--
INFO: Run Behavior\ReadHtmlCacheBehavior [ RunTime:0.001000s ]
INFO: [ app_begin ] --END-- [ RunTime:0.001000s ]
NOTIC: [2048] Declaration of Admin\Controller\NewsController::setStatus() should be compatible with Admin\Controller\CommonController::setStatus($data, $models) H:\eeluo\Application\Admin\Controller\NewsController.class.php 第 8 行.
NOTIC: [2048] Declaration of Admin\Controller\NewsController::listorder() should be compatible with Admin\Controller\CommonController::listorder($model = '') H:\eeluo\Application\Admin\Controller\NewsController.class.php 第 8 行.

[ 2018-04-24T02:57:19+08:00 ] ::1 /admin.php?c=news&a=add
INFO: [ app_init ] --START--
INFO: Run Behavior\BuildLiteBehavior [ RunTime:0.000000s ]
INFO: [ app_init ] --END-- [ RunTime:0.001001s ]
INFO: [ app_begin ] --START--
INFO: Run Behavior\ReadHtmlCacheBehavior [ RunTime:0.001000s ]
INFO: [ app_begin ] --END-- [ RunTime:0.001000s ]
NOTIC: [2048] Declaration of Admin\Controller\NewsController::setStatus() should be compatible with Admin\Controller\CommonController::setStatus($data, $models) H:\eeluo\Application\Admin\Controller\NewsController.class.php 第 8 行.
NOTIC: [2048] Declaration of Admin\Controller\NewsController::listorder() should be compatible with Admin\Controller\CommonController::listorder($model = '') H:\eeluo\Application\Admin\Controller\NewsController.class.php 第 8 行.

[ 2018-04-24T02:57:43+08:00 ] ::1 /admin.php?c=news&a=add
INFO: [ app_init ] --START--
INFO: Run Behavior\BuildLiteBehavior [ RunTime:0.000000s ]
INFO: [ app_init ] --END-- [ RunTime:0.001000s ]
INFO: [ app_begin ] --START--
INFO: Run Behavior\ReadHtmlCacheBehavior [ RunTime:0.001000s ]
INFO: [ app_begin ] --END-- [ RunTime:0.001000s ]
NOTIC: [2048] Declaration of Admin\Controller\NewsController::setStatus() should be compatible with Admin\Controller\CommonController::setStatus($data, $models) H:\eeluo\Application\Admin\Controller\NewsController.class.php 第 8 行.
NOTIC: [2048] Declaration of Admin\Controller\NewsController::listorder() should be compatible with Admin\Controller\CommonController::listorder($model = '') H:\eeluo\Application\Admin\Controller\NewsController.class.php 第 8 行.

[ 2018-04-24T03:08:55+08:00 ] ::1 /admin.php?c=news&a=add
INFO: [ app_init ] --START--
INFO: Run Behavior\BuildLiteBehavior [ RunTime:0.000000s ]
INFO: [ app_init ] --END-- [ RunTime:0.001000s ]
INFO: [ app_begin ] --START--
INFO: Run Behavior\ReadHtmlCacheBehavior [ RunTime:0.002000s ]
INFO: [ app_begin ] --END-- [ RunTime:0.002000s ]
NOTIC: [2048] Declaration of Admin\Controller\NewsController::setStatus() should be compatible with Admin\Controller\CommonController::setStatus($data, $models) H:\eeluo\Application\Admin\Controller\NewsController.class.php 第 8 行.
NOTIC: [2048] Declaration of Admin\Controller\NewsController::listorder() should be compatible with Admin\Controller\CommonController::listorder($model = '') H:\eeluo\Application\Admin\Controller\NewsController.class.php 第 8 行.
INFO: [ view_parse ] --START--
INFO: [ template_filter ] --START--
INFO: Run Behavior\ContentReplaceBehavior [ RunTime:0.000000s ]
INFO: [ template_filter ] --END-- [ RunTime:0.001000s ]
NOTIC: [2048] Declaration of Common\Model\MenuModel::find() should be compatible with Think\Model::find($options = Array) H:\eeluo\Application\Common\Model\MenuModel.class.php 第 5 行.
SQL: SHOW COLUMNS FROM `zyxy_menu` [ RunTime:0.0020s ]
SQL: SELECT * FROM `zyxy_menu` WHERE `status` <> -1 AND `type` = 1 ORDER BY listorder desc,menu_id desc  [ RunTime:0.0000s ]
NOTIC: [8] Undefined index: a H:\eeluo\Application\Common\Common\function.php 第 50 行.
NOTIC: [8] Undefined index: a H:\eeluo\Application\Common\Common\function.php 第 50 行.
NOTIC: [8] Undefined index: a H:\eeluo\Application\Common\Common\function.php 第 50 行.
NOTIC: [8] Undefined index: a H:\eeluo\Application\Common\Common\function.php 第 50 行.
NOTIC: [8] Undefined index: a H:\eeluo\Application\Common\Common\function.php 第 50 行.
NOTIC: [8] Undefined index: a H:\eeluo\Application\Common\Common\function.php 第 50 行.
NOTIC: [8] Undefined index: a H:\eeluo\Application\Common\Common\function.php 第 50 行.
NOTIC: [8] Undefined index: a H:\eeluo\Application\Common\Common\function.php 第 50 行.
NOTIC: [8] Undefined index: a H:\eeluo\Application\Common\Common\function.php 第 50 行.
NOTIC: [8] Undefined index: a H:\eeluo\Application\Common\Common\function.php 第 50 行.
NOTIC: [8] Undefined index: a H:\eeluo\Application\Common\Common\function.php 第 50 行.
NOTIC: [8] Undefined index: a H:\eeluo\Application\Common\Common\function.php 第 50 行.
NOTIC: [8] Undefined index: a H:\eeluo\Application\Common\Common\function.php 第 50 行.
NOTIC: [8] Undefined index: a H:\eeluo\Application\Common\Common\function.php 第 50 行.
NOTIC: [8] Undefined variable: news H:\eeluo\Application\Runtime\Cache\Admin\2dfc02e2d7eeff6052237f403f7435fe.php 第 202 行.
INFO: Run Behavior\ParseTemplateBehavior [ RunTime:0.056003s ]
INFO: [ view_parse ] --END-- [ RunTime:0.056003s ]
INFO: [ view_filter ] --START--
INFO: Run Behavior\WriteHtmlCacheBehavior [ RunTime:0.002000s ]
INFO: [ view_filter ] --END-- [ RunTime:0.002000s ]
INFO: [ app_end ] --START--
INFO: Run Behavior\ShowPageTraceBehavior [ RunTime:0.001000s ]
INFO: [ app_end ] --END-- [ RunTime:0.001000s ]

[ 2018-04-24T03:09:11+08:00 ] ::1 /admin.php?c=image&a=ajaxuploadimage
INFO: [ app_init ] --START--
INFO: Run Behavior\BuildLiteBehavior [ RunTime:0.000000s ]
INFO: [ app_init ] --END-- [ RunTime:0.002000s ]
INFO: [ app_begin ] --START--
INFO: Run Behavior\ReadHtmlCacheBehavior [ RunTime:0.001000s ]
INFO: [ app_begin ] --END-- [ RunTime:0.001000s ]
NOTIC: [8] Use of undefined constant Y - assumed 'Y' H:\eeluo\Application\Common\Model\UploadImageModel.class.php 第 17 行.
NOTIC: [8] Use of undefined constant m - assumed 'm' H:\eeluo\Application\Common\Model\UploadImageModel.class.php 第 17 行.
NOTIC: [8] Use of undefined constant d - assumed 'd' H:\eeluo\Application\Common\Model\UploadImageModel.class.php 第 17 行.
NOTIC: [2] call_user_func() expects parameter 1 to be a valid callback, no array or string given H:\eeluo\ThinkPHP\Library\Think\Upload.class.php 第 170 行.

[ 2018-04-24T03:09:17+08:00 ] ::1 /admin.php?c=news&a=add
INFO: [ app_init ] --START--
INFO: Run Behavior\BuildLiteBehavior [ RunTime:0.000000s ]
INFO: [ app_init ] --END-- [ RunTime:0.001000s ]
INFO: [ app_begin ] --START--
INFO: Run Behavior\ReadHtmlCacheBehavior [ RunTime:0.001000s ]
INFO: [ app_begin ] --END-- [ RunTime:0.001000s ]
NOTIC: [2048] Declaration of Admin\Controller\NewsController::setStatus() should be compatible with Admin\Controller\CommonController::setStatus($data, $models) H:\eeluo\Application\Admin\Controller\NewsController.class.php 第 8 行.
NOTIC: [2048] Declaration of Admin\Controller\NewsController::listorder() should be compatible with Admin\Controller\CommonController::listorder($model = '') H:\eeluo\Application\Admin\Controller\NewsController.class.php 第 8 行.
NOTIC: [8] Undefined index: news_id H:\eeluo\Application\Admin\Controller\NewsController.class.php 第 34 行.
NOTIC: [2048] Declaration of Common\Model\NewsModel::find() should be compatible with Think\Model::find($options = Array) H:\eeluo\Application\Common\Model\NewsModel.class.php 第 4 行.
SQL: SHOW COLUMNS FROM `zyxy_news` [ RunTime:0.0010s ]
SQL: INSERT INTO `zyxy_news` (`catid`,`title`,`description`,`thumb`,`content`,`status`) VALUES ('1','11','11','/upload/2018/04/24/5ade2f57b7deb.jpg','121212121','1') [ RunTime:0.0000s ]

[ 2018-04-24T03:09:19+08:00 ] ::1 /admin.php?c=news
INFO: [ app_init ] --START--
INFO: Run Behavior\BuildLiteBehavior [ RunTime:0.000000s ]
INFO: [ app_init ] --END-- [ RunTime:0.001000s ]
INFO: [ app_begin ] --START--
INFO: Run Behavior\ReadHtmlCacheBehavior [ RunTime:0.001001s ]
INFO: [ app_begin ] --END-- [ RunTime:0.002001s ]
NOTIC: [2048] Declaration of Admin\Controller\NewsController::setStatus() should be compatible with Admin\Controller\CommonController::setStatus($data, $models) H:\eeluo\Application\Admin\Controller\NewsController.class.php 第 8 行.
NOTIC: [2048] Declaration of Admin\Controller\NewsController::listorder() should be compatible with Admin\Controller\CommonController::listorder($model = '') H:\eeluo\Application\Admin\Controller\NewsController.class.php 第 8 行.
NOTIC: [2048] Declaration of Common\Model\NewsModel::find() should be compatible with Think\Model::find($options = Array) H:\eeluo\Application\Common\Model\NewsModel.class.php 第 4 行.
SQL: SHOW COLUMNS FROM `zyxy_news` [ RunTime:0.0010s ]
SQL: SELECT * FROM `zyxy_news` WHERE `status` <> -1 ORDER BY listorder desc,news_id desc  [ RunTime:0.0010s ]
INFO: [ view_parse ] --START--
INFO: [ template_filter ] --START--
INFO: Run Behavior\ContentReplaceBehavior [ RunTime:0.000000s ]
INFO: [ template_filter ] --END-- [ RunTime:0.000000s ]
NOTIC: [2048] Declaration of Common\Model\MenuModel::find() should be compatible with Think\Model::find($options = Array) H:\eeluo\Application\Common\Model\MenuModel.class.php 第 92 行.
SQL: SHOW COLUMNS FROM `zyxy_menu` [ RunTime:0.0020s ]
SQL: SELECT * FROM `zyxy_menu` WHERE `status` <> -1 AND `type` = 1 ORDER BY listorder desc,menu_id desc  [ RunTime:0.0010s ]
NOTIC: [8] Undefined index: a H:\eeluo\Application\Common\Common\function.php 第 50 行.
NOTIC: [8] Undefined index: a H:\eeluo\Application\Common\Common\function.php 第 50 行.
NOTIC: [8] Undefined index: a H:\eeluo\Application\Common\Common\function.php 第 50 行.
NOTIC: [8] Undefined index: a H:\eeluo\Application\Common\Common\function.php 第 50 行.
NOTIC: [8] Undefined index: a H:\eeluo\Application\Common\Common\function.php 第 50 行.
NOTIC: [8] Undefined index: a H:\eeluo\Application\Common\Common\function.php 第 50 行.
NOTIC: [8] Undefined index: a H:\eeluo\Application\Common\Common\function.php 第 50 行.
NOTIC: [8] Undefined index: a H:\eeluo\Application\Common\Common\function.php 第 50 行.
NOTIC: [8] Undefined index: a H:\eeluo\Application\Common\Common\function.php 第 50 行.
NOTIC: [8] Undefined index: a H:\eeluo\Application\Common\Common\function.php 第 50 行.
NOTIC: [8] Undefined index: a H:\eeluo\Application\Common\Common\function.php 第 50 行.
NOTIC: [8] Undefined index: a H:\eeluo\Application\Common\Common\function.php 第 50 行.
NOTIC: [8] Undefined index: a H:\eeluo\Application\Common\Common\function.php 第 50 行.
NOTIC: [8] Undefined index: a H:\eeluo\Application\Common\Common\function.php 第 50 行.
INFO: Run Behavior\ParseTemplateBehavior [ RunTime:0.037002s ]
INFO: [ view_parse ] --END-- [ RunTime:0.037002s ]
INFO: [ view_filter ] --START--
INFO: Run Behavior\WriteHtmlCacheBehavior [ RunTime:0.001000s ]
INFO: [ view_filter ] --END-- [ RunTime:0.001000s ]
INFO: [ app_end ] --START--
INFO: Run Behavior\ShowPageTraceBehavior [ RunTime:0.001000s ]
INFO: [ app_end ] --END-- [ RunTime:0.001000s ]

[ 2018-04-24T03:10:09+08:00 ] ::1 /admin.php?c=news&a=edit&id=2
INFO: [ app_init ] --START--
INFO: Run Behavior\BuildLiteBehavior [ RunTime:0.000000s ]
INFO: [ app_init ] --END-- [ RunTime:0.001000s ]
INFO: [ app_begin ] --START--
INFO: Run Behavior\ReadHtmlCacheBehavior [ RunTime:0.001000s ]
INFO: [ app_begin ] --END-- [ RunTime:0.002000s ]
NOTIC: [2048] Declaration of Admin\Controller\NewsController::setStatus() should be compatible with Admin\Controller\CommonController::setStatus($data, $models) H:\eeluo\Application\Admin\Controller\NewsController.class.php 第 8 行.
NOTIC: [2048] Declaration of Admin\Controller\NewsController::listorder() should be compatible with Admin\Controller\CommonController::listorder($model = '') H:\eeluo\Application\Admin\Controller\NewsController.class.php 第 8 行.
NOTIC: [2048] Declaration of Common\Model\NewsModel::find() should be compatible with Think\Model::find($options = Array) H:\eeluo\Application\Common\Model\NewsModel.class.php 第 4 行.
SQL: SHOW COLUMNS FROM `zyxy_news` [ RunTime:0.0020s ]
SQL: SELECT * FROM `zyxy_news` WHERE ( news_id=2 ) LIMIT 1   [ RunTime:0.0000s ]
INFO: [ view_parse ] --START--
INFO: [ template_filter ] --START--
INFO: Run Behavior\ContentReplaceBehavior [ RunTime:0.000000s ]
INFO: [ template_filter ] --END-- [ RunTime:0.000000s ]
NOTIC: [2048] Declaration of Common\Model\MenuModel::find() should be compatible with Think\Model::find($options = Array) H:\eeluo\Application\Common\Model\MenuModel.class.php 第 92 行.
SQL: SHOW COLUMNS FROM `zyxy_menu` [ RunTime:0.0010s ]
SQL: SELECT * FROM `zyxy_menu` WHERE `status` <> -1 AND `type` = 1 ORDER BY listorder desc,menu_id desc  [ RunTime:0.0010s ]
NOTIC: [8] Undefined index: a H:\eeluo\Application\Common\Common\function.php 第 50 行.
NOTIC: [8] Undefined index: a H:\eeluo\Application\Common\Common\function.php 第 50 行.
NOTIC: [8] Undefined index: a H:\eeluo\Application\Common\Common\function.php 第 50 行.
NOTIC: [8] Undefined index: a H:\eeluo\Application\Common\Common\function.php 第 50 行.
NOTIC: [8] Undefined index: a H:\eeluo\Application\Common\Common\function.php 第 50 行.
NOTIC: [8] Undefined index: a H:\eeluo\Application\Common\Common\function.php 第 50 行.
NOTIC: [8] Undefined index: a H:\eeluo\Application\Common\Common\function.php 第 50 行.
NOTIC: [8] Undefined index: a H:\eeluo\Application\Common\Common\function.php 第 50 行.
NOTIC: [8] Undefined index: a H:\eeluo\Application\Common\Common\function.php 第 50 行.
NOTIC: [8] Undefined index: a H:\eeluo\Application\Common\Common\function.php 第 50 行.
NOTIC: [8] Undefined index: a H:\eeluo\Application\Common\Common\function.php 第 50 行.
NOTIC: [8] Undefined index: a H:\eeluo\Application\Common\Common\function.php 第 50 行.
NOTIC: [8] Undefined index: a H:\eeluo\Application\Common\Common\function.php 第 50 行.
NOTIC: [8] Undefined index: a H:\eeluo\Application\Common\Common\function.php 第 50 行.
NOTIC: [8] Undefined variable: news H:\eeluo\Application\Runtime\Cache\Admin\c6b563eb3db7e185c095986d75e59a9c.php 第 196 行.
INFO: Run Behavior\ParseTemplateBehavior [ RunTime:0.056003s ]
INFO: [ view_parse ] --END-- [ RunTime:0.056003s ]
INFO: [ view_filter ] --START--
INFO: Run Behavior\WriteHtmlCacheBehavior [ RunTime:0.001000s ]
INFO: [ view_filter ] --END-- [ RunTime:0.001000s ]
INFO: [ app_end ] --START--
INFO: Run Behavior\ShowPageTraceBehavior [ RunTime:0.003000s ]
INFO: [ app_end ] --END-- [ RunTime:0.003000s ]

[ 2018-04-24T03:10:55+08:00 ] ::1 /admin.php?c=image&a=ajaxuploadimage
INFO: [ app_init ] --START--
INFO: Run Behavior\BuildLiteBehavior [ RunTime:0.000000s ]
INFO: [ app_init ] --END-- [ RunTime:0.001000s ]
INFO: [ app_begin ] --START--
INFO: Run Behavior\ReadHtmlCacheBehavior [ RunTime:0.001000s ]
INFO: [ app_begin ] --END-- [ RunTime:0.002000s ]
NOTIC: [8] Use of undefined constant Y - assumed 'Y' H:\eeluo\Application\Common\Model\UploadImageModel.class.php 第 17 行.
NOTIC: [8] Use of undefined constant m - assumed 'm' H:\eeluo\Application\Common\Model\UploadImageModel.class.php 第 17 行.
NOTIC: [8] Use of undefined constant d - assumed 'd' H:\eeluo\Application\Common\Model\UploadImageModel.class.php 第 17 行.
NOTIC: [2] finfo_file(): Empty filename or path H:\eeluo\ThinkPHP\Library\Think\Upload.class.php 第 152 行.

[ 2018-04-24T03:11:08+08:00 ] ::1 /admin.php?c=news&a=add
INFO: [ app_init ] --START--
INFO: Run Behavior\BuildLiteBehavior [ RunTime:0.000000s ]
INFO: [ app_init ] --END-- [ RunTime:0.000000s ]
INFO: [ app_begin ] --START--
INFO: Run Behavior\ReadHtmlCacheBehavior [ RunTime:0.001001s ]
INFO: [ app_begin ] --END-- [ RunTime:0.002001s ]
NOTIC: [2048] Declaration of Admin\Controller\NewsController::setStatus() should be compatible with Admin\Controller\CommonController::setStatus($data, $models) H:\eeluo\Application\Admin\Controller\NewsController.class.php 第 8 行.
NOTIC: [2048] Declaration of Admin\Controller\NewsController::listorder() should be compatible with Admin\Controller\CommonController::listorder($model = '') H:\eeluo\Application\Admin\Controller\NewsController.class.php 第 8 行.

[ 2018-04-24T03:11:15+08:00 ] ::1 /admin.php?c=image&a=ajaxuploadimage
INFO: [ app_init ] --START--
INFO: Run Behavior\BuildLiteBehavior [ RunTime:0.000000s ]
INFO: [ app_init ] --END-- [ RunTime:0.001001s ]
INFO: [ app_begin ] --START--
INFO: Run Behavior\ReadHtmlCacheBehavior [ RunTime:0.001000s ]
INFO: [ app_begin ] --END-- [ RunTime:0.002000s ]
NOTIC: [8] Use of undefined constant Y - assumed 'Y' H:\eeluo\Application\Common\Model\UploadImageModel.class.php 第 17 行.
NOTIC: [8] Use of undefined constant m - assumed 'm' H:\eeluo\Application\Common\Model\UploadImageModel.class.php 第 17 行.
NOTIC: [8] Use of undefined constant d - assumed 'd' H:\eeluo\Application\Common\Model\UploadImageModel.class.php 第 17 行.
NOTIC: [2] finfo_file(): Empty filename or path H:\eeluo\ThinkPHP\Library\Think\Upload.class.php 第 152 行.

[ 2018-04-24T03:11:20+08:00 ] ::1 /admin.php?c=news&a=add
INFO: [ app_init ] --START--
INFO: Run Behavior\BuildLiteBehavior [ RunTime:0.000000s ]
INFO: [ app_init ] --END-- [ RunTime:0.000000s ]
INFO: [ app_begin ] --START--
INFO: Run Behavior\ReadHtmlCacheBehavior [ RunTime:0.000000s ]
INFO: [ app_begin ] --END-- [ RunTime:0.000000s ]
NOTIC: [2048] Declaration of Admin\Controller\NewsController::setStatus() should be compatible with Admin\Controller\CommonController::setStatus($data, $models) H:\eeluo\Application\Admin\Controller\NewsController.class.php 第 8 行.
NOTIC: [2048] Declaration of Admin\Controller\NewsController::listorder() should be compatible with Admin\Controller\CommonController::listorder($model = '') H:\eeluo\Application\Admin\Controller\NewsController.class.php 第 8 行.

