[ 2018-04-26T23:02:27+08:00 ] ::1 /admin.php?c=main&a=add
INFO: [ app_init ] --START--
INFO: Run Behavior\BuildLiteBehavior [ RunTime:0.000000s ]
INFO: [ app_init ] --END-- [ RunTime:0.001000s ]
INFO: [ app_begin ] --START--
INFO: Run Behavior\ReadHtmlCacheBehavior [ RunTime:0.002001s ]
INFO: [ app_begin ] --END-- [ RunTime:0.002001s ]
NOTIC: [2048] Declaration of Admin\Controller\MainController::setStatus() should be compatible with Admin\Controller\CommonController::setStatus($data, $models) H:\eeluo\Application\Admin\Controller\MainController.class.php 第 8 行.
NOTIC: [2048] Declaration of Admin\Controller\MainController::listorder() should be compatible with Admin\Controller\CommonController::listorder($model = '') H:\eeluo\Application\Admin\Controller\MainController.class.php 第 8 行.
NOTIC: [2048] Declaration of Common\Model\MenuModel::find() should be compatible with Think\Model::find($options = Array) H:\eeluo\Application\Common\Model\MenuModel.class.php 第 5 行.
SQL: SHOW COLUMNS FROM `eeluo_menu` [ RunTime:0.0020s ]
SQL: SELECT * FROM `eeluo_menu` WHERE `status` = 1 AND `type` = 0 AND `parentid` = 0 ORDER BY listorder desc,menu_id desc  [ RunTime:0.0010s ]
INFO: [ view_parse ] --START--
INFO: [ template_filter ] --START--
INFO: Run Behavior\ContentReplaceBehavior [ RunTime:0.000000s ]
INFO: [ template_filter ] --END-- [ RunTime:0.000000s ]
SQL: SELECT * FROM `eeluo_menu` WHERE `status` <> -1 AND `type` = 1 ORDER BY listorder desc,menu_id desc  [ RunTime:0.0010s ]
NOTIC: [8] Undefined index: a H:\eeluo\Application\Common\Common\function.php 第 59 行.
NOTIC: [8] Undefined index: a H:\eeluo\Application\Common\Common\function.php 第 59 行.
NOTIC: [8] Undefined index: a H:\eeluo\Application\Common\Common\function.php 第 59 行.
NOTIC: [8] Undefined index: a H:\eeluo\Application\Common\Common\function.php 第 59 行.
NOTIC: [8] Undefined index: a H:\eeluo\Application\Common\Common\function.php 第 59 行.
NOTIC: [8] Undefined index: a H:\eeluo\Application\Common\Common\function.php 第 59 行.
NOTIC: [8] Undefined index: a H:\eeluo\Application\Common\Common\function.php 第 59 行.
NOTIC: [8] Undefined variable: news H:\eeluo\Application\Runtime\Cache\Admin\5b0e8565466f97e23e622bd2d8b91fab.php 第 212 行.
INFO: Run Behavior\ParseTemplateBehavior [ RunTime:0.028001s ]
INFO: [ view_parse ] --END-- [ RunTime:0.030001s ]
INFO: [ view_filter ] --START--
INFO: Run Behavior\WriteHtmlCacheBehavior [ RunTime:0.001000s ]
INFO: [ view_filter ] --END-- [ RunTime:0.001000s ]
INFO: [ app_end ] --START--
INFO: Run Behavior\ShowPageTraceBehavior [ RunTime:0.001000s ]
INFO: [ app_end ] --END-- [ RunTime:0.001000s ]

[ 2018-04-26T23:05:18+08:00 ] ::1 /admin.php?c=main&a=add
INFO: [ app_init ] --START--
INFO: Run Behavior\BuildLiteBehavior [ RunTime:0.000000s ]
INFO: [ app_init ] --END-- [ RunTime:0.001000s ]
INFO: [ app_begin ] --START--
INFO: Run Behavior\ReadHtmlCacheBehavior [ RunTime:0.001000s ]
INFO: [ app_begin ] --END-- [ RunTime:0.001000s ]
NOTIC: [2048] Declaration of Admin\Controller\MainController::setStatus() should be compatible with Admin\Controller\CommonController::setStatus($data, $models) H:\eeluo\Application\Admin\Controller\MainController.class.php 第 8 行.
NOTIC: [2048] Declaration of Admin\Controller\MainController::listorder() should be compatible with Admin\Controller\CommonController::listorder($model = '') H:\eeluo\Application\Admin\Controller\MainController.class.php 第 8 行.
NOTIC: [2048] Declaration of Common\Model\MenuModel::find() should be compatible with Think\Model::find($options = Array) H:\eeluo\Application\Common\Model\MenuModel.class.php 第 5 行.
SQL: SHOW COLUMNS FROM `eeluo_menu` [ RunTime:0.0010s ]
SQL: SELECT * FROM `eeluo_menu` WHERE `status` = 1 AND `type` = 0 AND `parentid` = 0 ORDER BY listorder desc,menu_id desc  [ RunTime:0.0020s ]
INFO: [ view_parse ] --START--
INFO: [ template_filter ] --START--
INFO: Run Behavior\ContentReplaceBehavior [ RunTime:0.000000s ]
INFO: [ template_filter ] --END-- [ RunTime:0.000000s ]
SQL: SELECT * FROM `eeluo_menu` WHERE `status` <> -1 AND `type` = 1 ORDER BY listorder desc,menu_id desc  [ RunTime:0.0010s ]
NOTIC: [8] Undefined index: a H:\eeluo\Application\Common\Common\function.php 第 59 行.
NOTIC: [8] Undefined index: a H:\eeluo\Application\Common\Common\function.php 第 59 行.
NOTIC: [8] Undefined index: a H:\eeluo\Application\Common\Common\function.php 第 59 行.
NOTIC: [8] Undefined index: a H:\eeluo\Application\Common\Common\function.php 第 59 行.
NOTIC: [8] Undefined index: a H:\eeluo\Application\Common\Common\function.php 第 59 行.
NOTIC: [8] Undefined index: a H:\eeluo\Application\Common\Common\function.php 第 59 行.
NOTIC: [8] Undefined index: a H:\eeluo\Application\Common\Common\function.php 第 59 行.
NOTIC: [8] Undefined variable: news H:\eeluo\Application\Runtime\Cache\Admin\5b0e8565466f97e23e622bd2d8b91fab.php 第 212 行.
INFO: Run Behavior\ParseTemplateBehavior [ RunTime:0.024001s ]
INFO: [ view_parse ] --END-- [ RunTime:0.024001s ]
INFO: [ view_filter ] --START--
INFO: Run Behavior\WriteHtmlCacheBehavior [ RunTime:0.001000s ]
INFO: [ view_filter ] --END-- [ RunTime:0.002000s ]
INFO: [ app_end ] --START--
INFO: Run Behavior\ShowPageTraceBehavior [ RunTime:0.001000s ]
INFO: [ app_end ] --END-- [ RunTime:0.001000s ]

[ 2018-04-26T23:05:26+08:00 ] ::1 /admin.php?c=main
INFO: [ app_init ] --START--
INFO: Run Behavior\BuildLiteBehavior [ RunTime:0.000000s ]
INFO: [ app_init ] --END-- [ RunTime:0.001000s ]
INFO: [ app_begin ] --START--
INFO: Run Behavior\ReadHtmlCacheBehavior [ RunTime:0.002000s ]
INFO: [ app_begin ] --END-- [ RunTime:0.003000s ]
NOTIC: [2048] Declaration of Admin\Controller\MainController::setStatus() should be compatible with Admin\Controller\CommonController::setStatus($data, $models) H:\eeluo\Application\Admin\Controller\MainController.class.php 第 8 行.
NOTIC: [2048] Declaration of Admin\Controller\MainController::listorder() should be compatible with Admin\Controller\CommonController::listorder($model = '') H:\eeluo\Application\Admin\Controller\MainController.class.php 第 8 行.
NOTIC: [2048] Declaration of Common\Model\MainModel::find() should be compatible with Think\Model::find($options = Array) H:\eeluo\Application\Common\Model\MainModel.class.php 第 4 行.
SQL: SHOW COLUMNS FROM `eeluo_main` [ RunTime:0.0010s ]
SQL: SELECT * FROM `eeluo_main` WHERE `status` <> -1 ORDER BY listorder desc,id desc  [ RunTime:0.0000s ]
NOTIC: [2048] Declaration of Common\Model\MenuModel::find() should be compatible with Think\Model::find($options = Array) H:\eeluo\Application\Common\Model\MenuModel.class.php 第 93 行.
SQL: SHOW COLUMNS FROM `eeluo_menu` [ RunTime:0.0010s ]
SQL: SELECT * FROM `eeluo_menu` WHERE `status` = 1 AND `type` = 0 AND `parentid` = 0 ORDER BY listorder desc,menu_id desc  [ RunTime:0.0010s ]
INFO: [ view_parse ] --START--
INFO: [ template_filter ] --START--
INFO: Run Behavior\ContentReplaceBehavior [ RunTime:0.000000s ]
INFO: [ template_filter ] --END-- [ RunTime:0.001000s ]
SQL: SELECT * FROM `eeluo_menu` WHERE `status` <> -1 AND `type` = 1 ORDER BY listorder desc,menu_id desc  [ RunTime:0.0010s ]
NOTIC: [8] Undefined index: a H:\eeluo\Application\Common\Common\function.php 第 59 行.
NOTIC: [8] Undefined index: a H:\eeluo\Application\Common\Common\function.php 第 59 行.
NOTIC: [8] Undefined index: a H:\eeluo\Application\Common\Common\function.php 第 59 行.
NOTIC: [8] Undefined index: a H:\eeluo\Application\Common\Common\function.php 第 59 行.
NOTIC: [8] Undefined index: a H:\eeluo\Application\Common\Common\function.php 第 59 行.
NOTIC: [8] Undefined index: a H:\eeluo\Application\Common\Common\function.php 第 59 行.
NOTIC: [8] Undefined index: a H:\eeluo\Application\Common\Common\function.php 第 59 行.
INFO: Run Behavior\ParseTemplateBehavior [ RunTime:0.033002s ]
INFO: [ view_parse ] --END-- [ RunTime:0.033002s ]
INFO: [ view_filter ] --START--
INFO: Run Behavior\WriteHtmlCacheBehavior [ RunTime:0.001000s ]
INFO: [ view_filter ] --END-- [ RunTime:0.001000s ]
INFO: [ app_end ] --START--
INFO: Run Behavior\ShowPageTraceBehavior [ RunTime:0.001000s ]
INFO: [ app_end ] --END-- [ RunTime:0.001000s ]

[ 2018-04-26T23:05:28+08:00 ] ::1 /admin.php?c=main&a=add
INFO: [ app_init ] --START--
INFO: Run Behavior\BuildLiteBehavior [ RunTime:0.000000s ]
INFO: [ app_init ] --END-- [ RunTime:0.001000s ]
INFO: [ app_begin ] --START--
INFO: Run Behavior\ReadHtmlCacheBehavior [ RunTime:0.001000s ]
INFO: [ app_begin ] --END-- [ RunTime:0.001000s ]
NOTIC: [2048] Declaration of Admin\Controller\MainController::setStatus() should be compatible with Admin\Controller\CommonController::setStatus($data, $models) H:\eeluo\Application\Admin\Controller\MainController.class.php 第 8 行.
NOTIC: [2048] Declaration of Admin\Controller\MainController::listorder() should be compatible with Admin\Controller\CommonController::listorder($model = '') H:\eeluo\Application\Admin\Controller\MainController.class.php 第 8 行.
NOTIC: [2048] Declaration of Common\Model\MenuModel::find() should be compatible with Think\Model::find($options = Array) H:\eeluo\Application\Common\Model\MenuModel.class.php 第 5 行.
SQL: SHOW COLUMNS FROM `eeluo_menu` [ RunTime:0.0010s ]
SQL: SELECT * FROM `eeluo_menu` WHERE `status` = 1 AND `type` = 0 AND `parentid` = 0 ORDER BY listorder desc,menu_id desc  [ RunTime:0.0010s ]
INFO: [ view_parse ] --START--
INFO: [ template_filter ] --START--
INFO: Run Behavior\ContentReplaceBehavior [ RunTime:0.000000s ]
INFO: [ template_filter ] --END-- [ RunTime:0.000000s ]
SQL: SELECT * FROM `eeluo_menu` WHERE `status` <> -1 AND `type` = 1 ORDER BY listorder desc,menu_id desc  [ RunTime:0.0010s ]
NOTIC: [8] Undefined index: a H:\eeluo\Application\Common\Common\function.php 第 59 行.
NOTIC: [8] Undefined index: a H:\eeluo\Application\Common\Common\function.php 第 59 行.
NOTIC: [8] Undefined index: a H:\eeluo\Application\Common\Common\function.php 第 59 行.
NOTIC: [8] Undefined index: a H:\eeluo\Application\Common\Common\function.php 第 59 行.
NOTIC: [8] Undefined index: a H:\eeluo\Application\Common\Common\function.php 第 59 行.
NOTIC: [8] Undefined index: a H:\eeluo\Application\Common\Common\function.php 第 59 行.
NOTIC: [8] Undefined index: a H:\eeluo\Application\Common\Common\function.php 第 59 行.
NOTIC: [8] Undefined variable: news H:\eeluo\Application\Runtime\Cache\Admin\5b0e8565466f97e23e622bd2d8b91fab.php 第 212 行.
INFO: Run Behavior\ParseTemplateBehavior [ RunTime:0.032002s ]
INFO: [ view_parse ] --END-- [ RunTime:0.032002s ]
INFO: [ view_filter ] --START--
INFO: Run Behavior\WriteHtmlCacheBehavior [ RunTime:0.001000s ]
INFO: [ view_filter ] --END-- [ RunTime:0.001000s ]
INFO: [ app_end ] --START--
INFO: Run Behavior\ShowPageTraceBehavior [ RunTime:0.187011s ]
INFO: [ app_end ] --END-- [ RunTime:0.188011s ]

[ 2018-04-26T23:07:57+08:00 ] ::1 /admin.php?c=main
INFO: [ app_init ] --START--
INFO: Run Behavior\BuildLiteBehavior [ RunTime:0.000000s ]
INFO: [ app_init ] --END-- [ RunTime:0.002000s ]
INFO: [ app_begin ] --START--
INFO: Run Behavior\ReadHtmlCacheBehavior [ RunTime:0.001000s ]
INFO: [ app_begin ] --END-- [ RunTime:0.001000s ]
NOTIC: [2048] Declaration of Admin\Controller\MainController::setStatus() should be compatible with Admin\Controller\CommonController::setStatus($data, $models) H:\eeluo\Application\Admin\Controller\MainController.class.php 第 8 行.
NOTIC: [2048] Declaration of Admin\Controller\MainController::listorder() should be compatible with Admin\Controller\CommonController::listorder($model = '') H:\eeluo\Application\Admin\Controller\MainController.class.php 第 8 行.
NOTIC: [2048] Declaration of Common\Model\MainModel::find() should be compatible with Think\Model::find($options = Array) H:\eeluo\Application\Common\Model\MainModel.class.php 第 4 行.
SQL: SHOW COLUMNS FROM `eeluo_main` [ RunTime:0.0010s ]
SQL: SELECT * FROM `eeluo_main` WHERE `status` <> -1 ORDER BY listorder desc,id desc  [ RunTime:0.0010s ]
NOTIC: [2048] Declaration of Common\Model\MenuModel::find() should be compatible with Think\Model::find($options = Array) H:\eeluo\Application\Common\Model\MenuModel.class.php 第 93 行.
SQL: SHOW COLUMNS FROM `eeluo_menu` [ RunTime:0.0010s ]
SQL: SELECT * FROM `eeluo_menu` WHERE `status` = 1 AND `type` = 0 AND `parentid` = 0 ORDER BY listorder desc,menu_id desc  [ RunTime:0.0000s ]
INFO: [ view_parse ] --START--
INFO: [ template_filter ] --START--
INFO: Run Behavior\ContentReplaceBehavior [ RunTime:0.000000s ]
INFO: [ template_filter ] --END-- [ RunTime:0.001000s ]
SQL: SELECT * FROM `eeluo_menu` WHERE `status` <> -1 AND `type` = 1 ORDER BY listorder desc,menu_id desc  [ RunTime:0.0010s ]
NOTIC: [8] Undefined index: a H:\eeluo\Application\Common\Common\function.php 第 59 行.
NOTIC: [8] Undefined index: a H:\eeluo\Application\Common\Common\function.php 第 59 行.
NOTIC: [8] Undefined index: a H:\eeluo\Application\Common\Common\function.php 第 59 行.
NOTIC: [8] Undefined index: a H:\eeluo\Application\Common\Common\function.php 第 59 行.
NOTIC: [8] Undefined index: a H:\eeluo\Application\Common\Common\function.php 第 59 行.
NOTIC: [8] Undefined index: a H:\eeluo\Application\Common\Common\function.php 第 59 行.
NOTIC: [8] Undefined index: a H:\eeluo\Application\Common\Common\function.php 第 59 行.
INFO: Run Behavior\ParseTemplateBehavior [ RunTime:0.028001s ]
INFO: [ view_parse ] --END-- [ RunTime:0.028001s ]
INFO: [ view_filter ] --START--
INFO: Run Behavior\WriteHtmlCacheBehavior [ RunTime:0.001000s ]
INFO: [ view_filter ] --END-- [ RunTime:0.001000s ]
INFO: [ app_end ] --START--
INFO: Run Behavior\ShowPageTraceBehavior [ RunTime:0.001000s ]
INFO: [ app_end ] --END-- [ RunTime:0.002000s ]

[ 2018-04-26T23:07:57+08:00 ] ::1 /admin.php?c=main
INFO: [ app_init ] --START--
INFO: Run Behavior\BuildLiteBehavior [ RunTime:0.000000s ]
INFO: [ app_init ] --END-- [ RunTime:0.001000s ]
INFO: [ app_begin ] --START--
INFO: Run Behavior\ReadHtmlCacheBehavior [ RunTime:0.001000s ]
INFO: [ app_begin ] --END-- [ RunTime:0.001000s ]
NOTIC: [2048] Declaration of Admin\Controller\MainController::setStatus() should be compatible with Admin\Controller\CommonController::setStatus($data, $models) H:\eeluo\Application\Admin\Controller\MainController.class.php 第 8 行.
NOTIC: [2048] Declaration of Admin\Controller\MainController::listorder() should be compatible with Admin\Controller\CommonController::listorder($model = '') H:\eeluo\Application\Admin\Controller\MainController.class.php 第 8 行.
NOTIC: [2048] Declaration of Common\Model\MainModel::find() should be compatible with Think\Model::find($options = Array) H:\eeluo\Application\Common\Model\MainModel.class.php 第 4 行.
SQL: SHOW COLUMNS FROM `eeluo_main` [ RunTime:0.0040s ]
SQL: SELECT * FROM `eeluo_main` WHERE `status` <> -1 ORDER BY listorder desc,id desc  [ RunTime:0.0010s ]
NOTIC: [2048] Declaration of Common\Model\MenuModel::find() should be compatible with Think\Model::find($options = Array) H:\eeluo\Application\Common\Model\MenuModel.class.php 第 93 行.
SQL: SHOW COLUMNS FROM `eeluo_menu` [ RunTime:0.0010s ]
SQL: SELECT * FROM `eeluo_menu` WHERE `status` = 1 AND `type` = 0 AND `parentid` = 0 ORDER BY listorder desc,menu_id desc  [ RunTime:0.0020s ]
INFO: [ view_parse ] --START--
INFO: [ template_filter ] --START--
INFO: Run Behavior\ContentReplaceBehavior [ RunTime:0.000000s ]
INFO: [ template_filter ] --END-- [ RunTime:0.000000s ]
SQL: SELECT * FROM `eeluo_menu` WHERE `status` <> -1 AND `type` = 1 ORDER BY listorder desc,menu_id desc  [ RunTime:0.0010s ]
NOTIC: [8] Undefined index: a H:\eeluo\Application\Common\Common\function.php 第 59 行.
NOTIC: [8] Undefined index: a H:\eeluo\Application\Common\Common\function.php 第 59 行.
NOTIC: [8] Undefined index: a H:\eeluo\Application\Common\Common\function.php 第 59 行.
NOTIC: [8] Undefined index: a H:\eeluo\Application\Common\Common\function.php 第 59 行.
NOTIC: [8] Undefined index: a H:\eeluo\Application\Common\Common\function.php 第 59 行.
NOTIC: [8] Undefined index: a H:\eeluo\Application\Common\Common\function.php 第 59 行.
NOTIC: [8] Undefined index: a H:\eeluo\Application\Common\Common\function.php 第 59 行.
INFO: Run Behavior\ParseTemplateBehavior [ RunTime:0.033002s ]
INFO: [ view_parse ] --END-- [ RunTime:0.033002s ]
INFO: [ view_filter ] --START--
INFO: Run Behavior\WriteHtmlCacheBehavior [ RunTime:0.001000s ]
INFO: [ view_filter ] --END-- [ RunTime:0.001000s ]
INFO: [ app_end ] --START--
INFO: Run Behavior\ShowPageTraceBehavior [ RunTime:0.002000s ]
INFO: [ app_end ] --END-- [ RunTime:0.003000s ]

[ 2018-04-26T23:07:58+08:00 ] ::1 /admin.php?c=main&a=add
INFO: [ app_init ] --START--
INFO: Run Behavior\BuildLiteBehavior [ RunTime:0.000000s ]
INFO: [ app_init ] --END-- [ RunTime:0.001000s ]
INFO: [ app_begin ] --START--
INFO: Run Behavior\ReadHtmlCacheBehavior [ RunTime:0.000000s ]
INFO: [ app_begin ] --END-- [ RunTime:0.002000s ]
NOTIC: [2048] Declaration of Admin\Controller\MainController::setStatus() should be compatible with Admin\Controller\CommonController::setStatus($data, $models) H:\eeluo\Application\Admin\Controller\MainController.class.php 第 8 行.
NOTIC: [2048] Declaration of Admin\Controller\MainController::listorder() should be compatible with Admin\Controller\CommonController::listorder($model = '') H:\eeluo\Application\Admin\Controller\MainController.class.php 第 8 行.
NOTIC: [2048] Declaration of Common\Model\MenuModel::find() should be compatible with Think\Model::find($options = Array) H:\eeluo\Application\Common\Model\MenuModel.class.php 第 5 行.
SQL: SHOW COLUMNS FROM `eeluo_menu` [ RunTime:0.0010s ]
SQL: SELECT * FROM `eeluo_menu` WHERE `status` = 1 AND `type` = 0 AND `parentid` = 0 ORDER BY listorder desc,menu_id desc  [ RunTime:0.0010s ]
INFO: [ view_parse ] --START--
INFO: [ template_filter ] --START--
INFO: Run Behavior\ContentReplaceBehavior [ RunTime:0.001000s ]
INFO: [ template_filter ] --END-- [ RunTime:0.001000s ]
SQL: SELECT * FROM `eeluo_menu` WHERE `status` <> -1 AND `type` = 1 ORDER BY listorder desc,menu_id desc  [ RunTime:0.0000s ]
NOTIC: [8] Undefined index: a H:\eeluo\Application\Common\Common\function.php 第 59 行.
NOTIC: [8] Undefined index: a H:\eeluo\Application\Common\Common\function.php 第 59 行.
NOTIC: [8] Undefined index: a H:\eeluo\Application\Common\Common\function.php 第 59 行.
NOTIC: [8] Undefined index: a H:\eeluo\Application\Common\Common\function.php 第 59 行.
NOTIC: [8] Undefined index: a H:\eeluo\Application\Common\Common\function.php 第 59 行.
NOTIC: [8] Undefined index: a H:\eeluo\Application\Common\Common\function.php 第 59 行.
NOTIC: [8] Undefined index: a H:\eeluo\Application\Common\Common\function.php 第 59 行.
NOTIC: [8] Undefined variable: news H:\eeluo\Application\Runtime\Cache\Admin\5b0e8565466f97e23e622bd2d8b91fab.php 第 213 行.
INFO: Run Behavior\ParseTemplateBehavior [ RunTime:0.027002s ]
INFO: [ view_parse ] --END-- [ RunTime:0.027002s ]
INFO: [ view_filter ] --START--
INFO: Run Behavior\WriteHtmlCacheBehavior [ RunTime:0.001000s ]
INFO: [ view_filter ] --END-- [ RunTime:0.001000s ]
INFO: [ app_end ] --START--
INFO: Run Behavior\ShowPageTraceBehavior [ RunTime:0.001000s ]
INFO: [ app_end ] --END-- [ RunTime:0.002000s ]

